{"/Users/sallynewell/Code/myCode/refactor-lowbar/spec/binarySearch.spec.js":{"path":"/Users/sallynewell/Code/myCode/refactor-lowbar/spec/binarySearch.spec.js","statementMap":{"0":{"start":{"line":1,"column":17},"end":{"line":1,"column":32}},"1":{"start":{"line":2,"column":13},"end":{"line":2,"column":28}},"2":{"start":{"line":4,"column":21},"end":{"line":4,"column":82}},"3":{"start":{"line":6,"column":0},"end":{"line":34,"column":3}},"4":{"start":{"line":7,"column":2},"end":{"line":9,"column":5}},"5":{"start":{"line":8,"column":4},"end":{"line":8,"column":45}},"6":{"start":{"line":11,"column":0},"end":{"line":13,"column":5}},"7":{"start":{"line":12,"column":4},"end":{"line":12,"column":55}},"8":{"start":{"line":15,"column":2},"end":{"line":19,"column":5}},"9":{"start":{"line":16,"column":4},"end":{"line":16,"column":55}},"10":{"start":{"line":17,"column":4},"end":{"line":17,"column":63}},"11":{"start":{"line":18,"column":4},"end":{"line":18,"column":63}},"12":{"start":{"line":21,"column":2},"end":{"line":23,"column":5}},"13":{"start":{"line":22,"column":4},"end":{"line":22,"column":50}},"14":{"start":{"line":26,"column":2},"end":{"line":28,"column":5}},"15":{"start":{"line":27,"column":4},"end":{"line":27,"column":100}},"16":{"start":{"line":30,"column":2},"end":{"line":32,"column":5}},"17":{"start":{"line":31,"column":4},"end":{"line":31,"column":59}}},"fnMap":{"0":{"name":"(anonymous_0)","decl":{"start":{"line":6,"column":25},"end":{"line":6,"column":26}},"loc":{"start":{"line":6,"column":37},"end":{"line":34,"column":1}},"line":6},"1":{"name":"(anonymous_1)","decl":{"start":{"line":7,"column":22},"end":{"line":7,"column":23}},"loc":{"start":{"line":7,"column":34},"end":{"line":9,"column":3}},"line":7},"2":{"name":"(anonymous_2)","decl":{"start":{"line":11,"column":23},"end":{"line":11,"column":24}},"loc":{"start":{"line":11,"column":35},"end":{"line":13,"column":3}},"line":11},"3":{"name":"(anonymous_3)","decl":{"start":{"line":15,"column":63},"end":{"line":15,"column":64}},"loc":{"start":{"line":15,"column":75},"end":{"line":19,"column":3}},"line":15},"4":{"name":"(anonymous_4)","decl":{"start":{"line":21,"column":60},"end":{"line":21,"column":61}},"loc":{"start":{"line":21,"column":72},"end":{"line":23,"column":3}},"line":21},"5":{"name":"(anonymous_5)","decl":{"start":{"line":26,"column":32},"end":{"line":26,"column":33}},"loc":{"start":{"line":26,"column":44},"end":{"line":28,"column":3}},"line":26},"6":{"name":"(anonymous_6)","decl":{"start":{"line":30,"column":52},"end":{"line":30,"column":53}},"loc":{"start":{"line":30,"column":64},"end":{"line":32,"column":3}},"line":30}},"branchMap":{},"s":{"0":1,"1":1,"2":1,"3":1,"4":1,"5":1,"6":1,"7":1,"8":1,"9":1,"10":1,"11":1,"12":1,"13":1,"14":1,"15":1,"16":1,"17":1},"f":{"0":1,"1":1,"2":1,"3":1,"4":1,"5":1,"6":1},"b":{},"_coverageSchema":"332fd63041d2c1bcb487cc26dd0d5f7d97098a6c","hash":"d5befb476717563644f967949a32ae8b7c55c799","contentHash":"f934bbf29c583b7a93aa4ce64f7e49a9_11.0.3"},"/Users/sallynewell/Code/myCode/refactor-lowbar/lib/binarySearch.js":{"path":"/Users/sallynewell/Code/myCode/refactor-lowbar/lib/binarySearch.js","statementMap":{"0":{"start":{"line":1,"column":21},"end":{"line":31,"column":1}},"1":{"start":{"line":3,"column":21},"end":{"line":3,"column":22}},"2":{"start":{"line":4,"column":19},"end":{"line":4,"column":29}},"3":{"start":{"line":5,"column":19},"end":{"line":5,"column":58}},"4":{"start":{"line":6,"column":21},"end":{"line":6,"column":23}},"5":{"start":{"line":7,"column":26},"end":{"line":7,"column":31}},"6":{"start":{"line":10,"column":4},"end":{"line":29,"column":5}},"7":{"start":{"line":12,"column":8},"end":{"line":12,"column":94}},"8":{"start":{"line":12,"column":30},"end":{"line":12,"column":94}},"9":{"start":{"line":14,"column":8},"end":{"line":18,"column":9}},"10":{"start":{"line":15,"column":12},"end":{"line":15,"column":34}},"11":{"start":{"line":16,"column":12},"end":{"line":16,"column":32}},"12":{"start":{"line":17,"column":12},"end":{"line":17,"column":36}},"13":{"start":{"line":19,"column":8},"end":{"line":22,"column":9}},"14":{"start":{"line":20,"column":12},"end":{"line":20,"column":32}},"15":{"start":{"line":21,"column":12},"end":{"line":21,"column":36}},"16":{"start":{"line":24,"column":8},"end":{"line":28,"column":9}},"17":{"start":{"line":25,"column":12},"end":{"line":25,"column":34}},"18":{"start":{"line":26,"column":12},"end":{"line":26,"column":76}},"19":{"start":{"line":27,"column":12},"end":{"line":27,"column":35}},"20":{"start":{"line":30,"column":4},"end":{"line":30,"column":22}},"21":{"start":{"line":33,"column":0},"end":{"line":33,"column":30}}},"fnMap":{"0":{"name":"(anonymous_0)","decl":{"start":{"line":1,"column":21},"end":{"line":1,"column":22}},"loc":{"start":{"line":1,"column":42},"end":{"line":31,"column":1}},"line":1}},"branchMap":{"0":{"loc":{"start":{"line":12,"column":8},"end":{"line":12,"column":94}},"type":"if","locations":[{"start":{"line":12,"column":8},"end":{"line":12,"column":94}},{"start":{"line":12,"column":8},"end":{"line":12,"column":94}}],"line":12},"1":{"loc":{"start":{"line":14,"column":8},"end":{"line":18,"column":9}},"type":"if","locations":[{"start":{"line":14,"column":8},"end":{"line":18,"column":9}},{"start":{"line":14,"column":8},"end":{"line":18,"column":9}}],"line":14},"2":{"loc":{"start":{"line":19,"column":8},"end":{"line":22,"column":9}},"type":"if","locations":[{"start":{"line":19,"column":8},"end":{"line":22,"column":9}},{"start":{"line":19,"column":8},"end":{"line":22,"column":9}}],"line":19},"3":{"loc":{"start":{"line":24,"column":8},"end":{"line":28,"column":9}},"type":"if","locations":[{"start":{"line":24,"column":8},"end":{"line":28,"column":9}},{"start":{"line":24,"column":8},"end":{"line":28,"column":9}}],"line":24}},"s":{"0":1,"1":30,"2":30,"3":30,"4":30,"5":30,"6":30,"7":99,"8":71,"9":99,"10":31,"11":31,"12":31,"13":99,"14":19,"15":19,"16":99,"17":49,"18":49,"19":49,"20":30,"21":1},"f":{"0":30},"b":{"0":[71,28],"1":[31,68],"2":[19,80],"3":[49,50]},"_coverageSchema":"332fd63041d2c1bcb487cc26dd0d5f7d97098a6c","hash":"fbf0cbece177ac308c70d815137a084c585dc435","contentHash":"56d61ea64c19450688e7c1e3cfcb71f5_11.0.3"},"/Users/sallynewell/Code/myCode/refactor-lowbar/spec/main.spec.js":{"path":"/Users/sallynewell/Code/myCode/refactor-lowbar/spec/main.spec.js","statementMap":{"0":{"start":{"line":1,"column":19},"end":{"line":1,"column":34}},"1":{"start":{"line":2,"column":13},"end":{"line":2,"column":28}},"2":{"start":{"line":3,"column":10},"end":{"line":3,"column":56}},"3":{"start":{"line":4,"column":14},"end":{"line":4,"column":30}},"4":{"start":{"line":6,"column":0},"end":{"line":1670,"column":3}},"5":{"start":{"line":9,"column":4},"end":{"line":11,"column":7}},"6":{"start":{"line":10,"column":8},"end":{"line":10,"column":37}},"7":{"start":{"line":14,"column":4},"end":{"line":61,"column":7}},"8":{"start":{"line":15,"column":8},"end":{"line":17,"column":11}},"9":{"start":{"line":16,"column":12},"end":{"line":16,"column":51}},"10":{"start":{"line":19,"column":8},"end":{"line":21,"column":11}},"11":{"start":{"line":20,"column":12},"end":{"line":20,"column":51}},"12":{"start":{"line":23,"column":8},"end":{"line":28,"column":11}},"13":{"start":{"line":24,"column":27},"end":{"line":24,"column":28}},"14":{"start":{"line":25,"column":12},"end":{"line":25,"column":57}},"15":{"start":{"line":26,"column":12},"end":{"line":26,"column":51}},"16":{"start":{"line":27,"column":12},"end":{"line":27,"column":56}},"17":{"start":{"line":30,"column":8},"end":{"line":35,"column":11}},"18":{"start":{"line":31,"column":24},"end":{"line":31,"column":37}},"19":{"start":{"line":32,"column":12},"end":{"line":32,"column":54}},"20":{"start":{"line":33,"column":12},"end":{"line":33,"column":60}},"21":{"start":{"line":34,"column":12},"end":{"line":34,"column":50}},"22":{"start":{"line":37,"column":8},"end":{"line":42,"column":11}},"23":{"start":{"line":38,"column":24},"end":{"line":38,"column":28}},"24":{"start":{"line":39,"column":12},"end":{"line":39,"column":55}},"25":{"start":{"line":40,"column":12},"end":{"line":40,"column":51}},"26":{"start":{"line":41,"column":12},"end":{"line":41,"column":50}},"27":{"start":{"line":44,"column":8},"end":{"line":49,"column":11}},"28":{"start":{"line":45,"column":24},"end":{"line":45,"column":42}},"29":{"start":{"line":46,"column":12},"end":{"line":46,"column":54}},"30":{"start":{"line":47,"column":12},"end":{"line":47,"column":63}},"31":{"start":{"line":48,"column":12},"end":{"line":48,"column":50}},"32":{"start":{"line":51,"column":8},"end":{"line":56,"column":11}},"33":{"start":{"line":52,"column":24},"end":{"line":52,"column":44}},"34":{"start":{"line":53,"column":12},"end":{"line":53,"column":55}},"35":{"start":{"line":54,"column":12},"end":{"line":54,"column":65}},"36":{"start":{"line":55,"column":12},"end":{"line":55,"column":50}},"37":{"start":{"line":58,"column":8},"end":{"line":60,"column":11}},"38":{"start":{"line":59,"column":12},"end":{"line":59,"column":49}},"39":{"start":{"line":64,"column":4},"end":{"line":179,"column":7}},"40":{"start":{"line":65,"column":8},"end":{"line":67,"column":11}},"41":{"start":{"line":66,"column":12},"end":{"line":66,"column":48}},"42":{"start":{"line":69,"column":8},"end":{"line":71,"column":11}},"43":{"start":{"line":70,"column":12},"end":{"line":70,"column":48}},"44":{"start":{"line":73,"column":8},"end":{"line":91,"column":11}},"45":{"start":{"line":74,"column":28},"end":{"line":74,"column":37}},"46":{"start":{"line":75,"column":12},"end":{"line":75,"column":44}},"47":{"start":{"line":77,"column":28},"end":{"line":77,"column":39}},"48":{"start":{"line":78,"column":12},"end":{"line":78,"column":44}},"49":{"start":{"line":80,"column":28},"end":{"line":80,"column":39}},"50":{"start":{"line":81,"column":12},"end":{"line":81,"column":44}},"51":{"start":{"line":83,"column":28},"end":{"line":83,"column":51}},"52":{"start":{"line":84,"column":12},"end":{"line":84,"column":44}},"53":{"start":{"line":86,"column":28},"end":{"line":86,"column":41}},"54":{"start":{"line":87,"column":12},"end":{"line":87,"column":44}},"55":{"start":{"line":89,"column":28},"end":{"line":89,"column":42}},"56":{"start":{"line":90,"column":12},"end":{"line":90,"column":44}},"57":{"start":{"line":93,"column":8},"end":{"line":99,"column":11}},"58":{"start":{"line":94,"column":28},"end":{"line":94,"column":52}},"59":{"start":{"line":95,"column":12},"end":{"line":95,"column":40}},"60":{"start":{"line":97,"column":28},"end":{"line":97,"column":55}},"61":{"start":{"line":98,"column":12},"end":{"line":98,"column":46}},"62":{"start":{"line":101,"column":8},"end":{"line":104,"column":11}},"63":{"start":{"line":102,"column":27},"end":{"line":102,"column":43}},"64":{"start":{"line":103,"column":12},"end":{"line":103,"column":41}},"65":{"start":{"line":106,"column":8},"end":{"line":116,"column":11}},"66":{"start":{"line":107,"column":28},"end":{"line":107,"column":55}},"67":{"start":{"line":108,"column":12},"end":{"line":108,"column":46}},"68":{"start":{"line":109,"column":12},"end":{"line":109,"column":40}},"69":{"start":{"line":111,"column":28},"end":{"line":111,"column":55}},"70":{"start":{"line":112,"column":12},"end":{"line":112,"column":43}},"71":{"start":{"line":114,"column":28},"end":{"line":114,"column":77}},"72":{"start":{"line":115,"column":12},"end":{"line":115,"column":62}},"73":{"start":{"line":118,"column":8},"end":{"line":125,"column":11}},"74":{"start":{"line":119,"column":28},"end":{"line":119,"column":47}},"75":{"start":{"line":120,"column":12},"end":{"line":120,"column":46}},"76":{"start":{"line":121,"column":12},"end":{"line":121,"column":42}},"77":{"start":{"line":123,"column":28},"end":{"line":123,"column":47}},"78":{"start":{"line":124,"column":12},"end":{"line":124,"column":47}},"79":{"start":{"line":127,"column":8},"end":{"line":139,"column":11}},"80":{"start":{"line":128,"column":28},"end":{"line":128,"column":56}},"81":{"start":{"line":129,"column":12},"end":{"line":129,"column":46}},"82":{"start":{"line":130,"column":12},"end":{"line":130,"column":39}},"83":{"start":{"line":132,"column":28},"end":{"line":132,"column":56}},"84":{"start":{"line":133,"column":12},"end":{"line":133,"column":46}},"85":{"start":{"line":134,"column":12},"end":{"line":134,"column":39}},"86":{"start":{"line":136,"column":28},"end":{"line":136,"column":55}},"87":{"start":{"line":137,"column":12},"end":{"line":137,"column":46}},"88":{"start":{"line":138,"column":12},"end":{"line":138,"column":39}},"89":{"start":{"line":141,"column":8},"end":{"line":147,"column":11}},"90":{"start":{"line":142,"column":28},"end":{"line":142,"column":57}},"91":{"start":{"line":143,"column":12},"end":{"line":143,"column":39}},"92":{"start":{"line":145,"column":28},"end":{"line":145,"column":57}},"93":{"start":{"line":146,"column":12},"end":{"line":146,"column":43}},"94":{"start":{"line":149,"column":8},"end":{"line":155,"column":11}},"95":{"start":{"line":150,"column":28},"end":{"line":150,"column":57}},"96":{"start":{"line":151,"column":12},"end":{"line":151,"column":52}},"97":{"start":{"line":153,"column":28},"end":{"line":153,"column":50}},"98":{"start":{"line":154,"column":12},"end":{"line":154,"column":62}},"99":{"start":{"line":158,"column":8},"end":{"line":170,"column":11}},"100":{"start":{"line":159,"column":28},"end":{"line":159,"column":55}},"101":{"start":{"line":160,"column":12},"end":{"line":160,"column":46}},"102":{"start":{"line":161,"column":12},"end":{"line":161,"column":39}},"103":{"start":{"line":163,"column":28},"end":{"line":163,"column":55}},"104":{"start":{"line":164,"column":12},"end":{"line":164,"column":46}},"105":{"start":{"line":165,"column":12},"end":{"line":165,"column":39}},"106":{"start":{"line":167,"column":28},"end":{"line":167,"column":54}},"107":{"start":{"line":168,"column":12},"end":{"line":168,"column":46}},"108":{"start":{"line":169,"column":12},"end":{"line":169,"column":39}},"109":{"start":{"line":172,"column":8},"end":{"line":178,"column":11}},"110":{"start":{"line":173,"column":28},"end":{"line":173,"column":42}},"111":{"start":{"line":174,"column":12},"end":{"line":174,"column":39}},"112":{"start":{"line":176,"column":28},"end":{"line":176,"column":42}},"113":{"start":{"line":177,"column":12},"end":{"line":177,"column":39}},"114":{"start":{"line":182,"column":4},"end":{"line":302,"column":7}},"115":{"start":{"line":183,"column":8},"end":{"line":185,"column":11}},"116":{"start":{"line":184,"column":12},"end":{"line":184,"column":47}},"117":{"start":{"line":187,"column":8},"end":{"line":189,"column":11}},"118":{"start":{"line":188,"column":12},"end":{"line":188,"column":47}},"119":{"start":{"line":191,"column":8},"end":{"line":209,"column":11}},"120":{"start":{"line":192,"column":28},"end":{"line":192,"column":36}},"121":{"start":{"line":193,"column":12},"end":{"line":193,"column":44}},"122":{"start":{"line":195,"column":28},"end":{"line":195,"column":38}},"123":{"start":{"line":196,"column":12},"end":{"line":196,"column":44}},"124":{"start":{"line":198,"column":28},"end":{"line":198,"column":38}},"125":{"start":{"line":199,"column":12},"end":{"line":199,"column":44}},"126":{"start":{"line":201,"column":28},"end":{"line":201,"column":50}},"127":{"start":{"line":202,"column":12},"end":{"line":202,"column":44}},"128":{"start":{"line":204,"column":28},"end":{"line":204,"column":40}},"129":{"start":{"line":205,"column":12},"end":{"line":205,"column":44}},"130":{"start":{"line":207,"column":28},"end":{"line":207,"column":41}},"131":{"start":{"line":208,"column":12},"end":{"line":208,"column":44}},"132":{"start":{"line":211,"column":8},"end":{"line":217,"column":11}},"133":{"start":{"line":212,"column":28},"end":{"line":212,"column":51}},"134":{"start":{"line":213,"column":12},"end":{"line":213,"column":40}},"135":{"start":{"line":215,"column":28},"end":{"line":215,"column":54}},"136":{"start":{"line":216,"column":12},"end":{"line":216,"column":46}},"137":{"start":{"line":219,"column":8},"end":{"line":222,"column":11}},"138":{"start":{"line":220,"column":27},"end":{"line":220,"column":42}},"139":{"start":{"line":221,"column":12},"end":{"line":221,"column":41}},"140":{"start":{"line":224,"column":8},"end":{"line":234,"column":11}},"141":{"start":{"line":225,"column":28},"end":{"line":225,"column":54}},"142":{"start":{"line":226,"column":12},"end":{"line":226,"column":46}},"143":{"start":{"line":227,"column":12},"end":{"line":227,"column":40}},"144":{"start":{"line":229,"column":28},"end":{"line":229,"column":54}},"145":{"start":{"line":230,"column":12},"end":{"line":230,"column":43}},"146":{"start":{"line":232,"column":28},"end":{"line":232,"column":76}},"147":{"start":{"line":233,"column":12},"end":{"line":233,"column":62}},"148":{"start":{"line":236,"column":8},"end":{"line":243,"column":11}},"149":{"start":{"line":237,"column":28},"end":{"line":237,"column":46}},"150":{"start":{"line":238,"column":12},"end":{"line":238,"column":46}},"151":{"start":{"line":239,"column":12},"end":{"line":239,"column":42}},"152":{"start":{"line":241,"column":28},"end":{"line":241,"column":46}},"153":{"start":{"line":242,"column":12},"end":{"line":242,"column":52}},"154":{"start":{"line":245,"column":8},"end":{"line":257,"column":11}},"155":{"start":{"line":246,"column":28},"end":{"line":246,"column":55}},"156":{"start":{"line":247,"column":12},"end":{"line":247,"column":46}},"157":{"start":{"line":248,"column":12},"end":{"line":248,"column":39}},"158":{"start":{"line":250,"column":28},"end":{"line":250,"column":55}},"159":{"start":{"line":251,"column":12},"end":{"line":251,"column":46}},"160":{"start":{"line":252,"column":12},"end":{"line":252,"column":39}},"161":{"start":{"line":254,"column":28},"end":{"line":254,"column":54}},"162":{"start":{"line":255,"column":12},"end":{"line":255,"column":46}},"163":{"start":{"line":256,"column":12},"end":{"line":256,"column":39}},"164":{"start":{"line":259,"column":8},"end":{"line":270,"column":11}},"165":{"start":{"line":260,"column":28},"end":{"line":260,"column":56}},"166":{"start":{"line":261,"column":12},"end":{"line":261,"column":40}},"167":{"start":{"line":263,"column":28},"end":{"line":263,"column":56}},"168":{"start":{"line":264,"column":12},"end":{"line":264,"column":46}},"169":{"start":{"line":266,"column":28},"end":{"line":266,"column":48}},"170":{"start":{"line":267,"column":12},"end":{"line":267,"column":57}},"171":{"start":{"line":272,"column":8},"end":{"line":278,"column":11}},"172":{"start":{"line":273,"column":28},"end":{"line":273,"column":56}},"173":{"start":{"line":274,"column":12},"end":{"line":274,"column":52}},"174":{"start":{"line":276,"column":28},"end":{"line":276,"column":49}},"175":{"start":{"line":277,"column":12},"end":{"line":277,"column":62}},"176":{"start":{"line":281,"column":8},"end":{"line":293,"column":11}},"177":{"start":{"line":282,"column":28},"end":{"line":282,"column":54}},"178":{"start":{"line":283,"column":12},"end":{"line":283,"column":46}},"179":{"start":{"line":284,"column":12},"end":{"line":284,"column":39}},"180":{"start":{"line":286,"column":28},"end":{"line":286,"column":54}},"181":{"start":{"line":287,"column":12},"end":{"line":287,"column":46}},"182":{"start":{"line":288,"column":12},"end":{"line":288,"column":39}},"183":{"start":{"line":290,"column":28},"end":{"line":290,"column":53}},"184":{"start":{"line":291,"column":12},"end":{"line":291,"column":46}},"185":{"start":{"line":292,"column":12},"end":{"line":292,"column":39}},"186":{"start":{"line":295,"column":8},"end":{"line":301,"column":11}},"187":{"start":{"line":296,"column":28},"end":{"line":296,"column":41}},"188":{"start":{"line":297,"column":12},"end":{"line":297,"column":39}},"189":{"start":{"line":299,"column":28},"end":{"line":299,"column":41}},"190":{"start":{"line":300,"column":12},"end":{"line":300,"column":39}},"191":{"start":{"line":305,"column":4},"end":{"line":379,"column":7}},"192":{"start":{"line":306,"column":8},"end":{"line":308,"column":11}},"193":{"start":{"line":307,"column":12},"end":{"line":307,"column":47}},"194":{"start":{"line":310,"column":8},"end":{"line":312,"column":11}},"195":{"start":{"line":311,"column":12},"end":{"line":311,"column":47}},"196":{"start":{"line":314,"column":8},"end":{"line":318,"column":11}},"197":{"start":{"line":315,"column":24},"end":{"line":315,"column":35}},"198":{"start":{"line":316,"column":12},"end":{"line":316,"column":44}},"199":{"start":{"line":317,"column":12},"end":{"line":317,"column":46}},"200":{"start":{"line":320,"column":8},"end":{"line":325,"column":11}},"201":{"start":{"line":321,"column":24},"end":{"line":321,"column":25}},"202":{"start":{"line":322,"column":35},"end":{"line":322,"column":48}},"203":{"start":{"line":322,"column":41},"end":{"line":322,"column":48}},"204":{"start":{"line":323,"column":12},"end":{"line":323,"column":55}},"205":{"start":{"line":324,"column":12},"end":{"line":324,"column":38}},"206":{"start":{"line":327,"column":8},"end":{"line":333,"column":11}},"207":{"start":{"line":328,"column":28},"end":{"line":328,"column":30}},"208":{"start":{"line":329,"column":33},"end":{"line":329,"column":63}},"209":{"start":{"line":329,"column":43},"end":{"line":329,"column":63}},"210":{"start":{"line":330,"column":12},"end":{"line":330,"column":53}},"211":{"start":{"line":331,"column":12},"end":{"line":331,"column":50}},"212":{"start":{"line":332,"column":12},"end":{"line":332,"column":57}},"213":{"start":{"line":335,"column":8},"end":{"line":341,"column":11}},"214":{"start":{"line":336,"column":27},"end":{"line":336,"column":29}},"215":{"start":{"line":337,"column":34},"end":{"line":337,"column":71}},"216":{"start":{"line":337,"column":51},"end":{"line":337,"column":71}},"217":{"start":{"line":338,"column":12},"end":{"line":338,"column":54}},"218":{"start":{"line":339,"column":12},"end":{"line":339,"column":49}},"219":{"start":{"line":340,"column":12},"end":{"line":340,"column":56}},"220":{"start":{"line":343,"column":8},"end":{"line":348,"column":11}},"221":{"start":{"line":344,"column":26},"end":{"line":344,"column":28}},"222":{"start":{"line":345,"column":33},"end":{"line":345,"column":74}},"223":{"start":{"line":345,"column":56},"end":{"line":345,"column":74}},"224":{"start":{"line":346,"column":12},"end":{"line":346,"column":47}},"225":{"start":{"line":347,"column":12},"end":{"line":347,"column":93}},"226":{"start":{"line":350,"column":8},"end":{"line":354,"column":11}},"227":{"start":{"line":351,"column":24},"end":{"line":351,"column":35}},"228":{"start":{"line":352,"column":12},"end":{"line":352,"column":52}},"229":{"start":{"line":353,"column":12},"end":{"line":353,"column":46}},"230":{"start":{"line":356,"column":8},"end":{"line":362,"column":11}},"231":{"start":{"line":357,"column":27},"end":{"line":357,"column":29}},"232":{"start":{"line":358,"column":33},"end":{"line":358,"column":62}},"233":{"start":{"line":358,"column":43},"end":{"line":358,"column":62}},"234":{"start":{"line":360,"column":12},"end":{"line":360,"column":72}},"235":{"start":{"line":361,"column":12},"end":{"line":361,"column":50}},"236":{"start":{"line":364,"column":8},"end":{"line":370,"column":11}},"237":{"start":{"line":365,"column":26},"end":{"line":365,"column":28}},"238":{"start":{"line":366,"column":33},"end":{"line":366,"column":65}},"239":{"start":{"line":366,"column":48},"end":{"line":366,"column":65}},"240":{"start":{"line":368,"column":12},"end":{"line":368,"column":63}},"241":{"start":{"line":369,"column":12},"end":{"line":369,"column":60}},"242":{"start":{"line":372,"column":8},"end":{"line":377,"column":11}},"243":{"start":{"line":373,"column":26},"end":{"line":373,"column":28}},"244":{"start":{"line":374,"column":33},"end":{"line":374,"column":72}},"245":{"start":{"line":374,"column":54},"end":{"line":374,"column":72}},"246":{"start":{"line":375,"column":12},"end":{"line":375,"column":63}},"247":{"start":{"line":376,"column":12},"end":{"line":376,"column":127}},"248":{"start":{"line":382,"column":4},"end":{"line":524,"column":7}},"249":{"start":{"line":383,"column":8},"end":{"line":385,"column":11}},"250":{"start":{"line":384,"column":12},"end":{"line":384,"column":50}},"251":{"start":{"line":387,"column":8},"end":{"line":389,"column":11}},"252":{"start":{"line":388,"column":12},"end":{"line":388,"column":57}},"253":{"start":{"line":391,"column":8},"end":{"line":394,"column":11}},"254":{"start":{"line":392,"column":12},"end":{"line":392,"column":62}},"255":{"start":{"line":393,"column":12},"end":{"line":393,"column":50}},"256":{"start":{"line":396,"column":8},"end":{"line":399,"column":11}},"257":{"start":{"line":397,"column":12},"end":{"line":397,"column":56}},"258":{"start":{"line":398,"column":12},"end":{"line":398,"column":65}},"259":{"start":{"line":401,"column":8},"end":{"line":405,"column":11}},"260":{"start":{"line":402,"column":12},"end":{"line":402,"column":56}},"261":{"start":{"line":403,"column":12},"end":{"line":403,"column":64}},"262":{"start":{"line":404,"column":12},"end":{"line":404,"column":76}},"263":{"start":{"line":407,"column":8},"end":{"line":409,"column":11}},"264":{"start":{"line":408,"column":12},"end":{"line":408,"column":57}},"265":{"start":{"line":411,"column":8},"end":{"line":413,"column":11}},"266":{"start":{"line":412,"column":12},"end":{"line":412,"column":54}},"267":{"start":{"line":415,"column":8},"end":{"line":418,"column":11}},"268":{"start":{"line":416,"column":12},"end":{"line":416,"column":83}},"269":{"start":{"line":417,"column":12},"end":{"line":417,"column":82}},"270":{"start":{"line":420,"column":8},"end":{"line":424,"column":11}},"271":{"start":{"line":421,"column":12},"end":{"line":421,"column":62}},"272":{"start":{"line":422,"column":12},"end":{"line":422,"column":53}},"273":{"start":{"line":423,"column":12},"end":{"line":423,"column":55}},"274":{"start":{"line":426,"column":8},"end":{"line":428,"column":11}},"275":{"start":{"line":427,"column":12},"end":{"line":427,"column":61}},"276":{"start":{"line":430,"column":8},"end":{"line":433,"column":11}},"277":{"start":{"line":431,"column":12},"end":{"line":431,"column":56}},"278":{"start":{"line":432,"column":12},"end":{"line":432,"column":56}},"279":{"start":{"line":435,"column":8},"end":{"line":437,"column":11}},"280":{"start":{"line":436,"column":12},"end":{"line":436,"column":45}},"281":{"start":{"line":439,"column":8},"end":{"line":446,"column":11}},"282":{"start":{"line":440,"column":12},"end":{"line":440,"column":74}},"283":{"start":{"line":441,"column":12},"end":{"line":441,"column":74}},"284":{"start":{"line":442,"column":12},"end":{"line":442,"column":90}},"285":{"start":{"line":443,"column":12},"end":{"line":443,"column":90}},"286":{"start":{"line":444,"column":12},"end":{"line":444,"column":60}},"287":{"start":{"line":445,"column":12},"end":{"line":445,"column":60}},"288":{"start":{"line":448,"column":8},"end":{"line":450,"column":11}},"289":{"start":{"line":449,"column":12},"end":{"line":449,"column":69}},"290":{"start":{"line":452,"column":8},"end":{"line":455,"column":11}},"291":{"start":{"line":453,"column":12},"end":{"line":453,"column":69}},"292":{"start":{"line":454,"column":12},"end":{"line":454,"column":60}},"293":{"start":{"line":457,"column":8},"end":{"line":470,"column":11}},"294":{"start":{"line":458,"column":12},"end":{"line":458,"column":70}},"295":{"start":{"line":459,"column":12},"end":{"line":459,"column":69}},"296":{"start":{"line":460,"column":12},"end":{"line":460,"column":69}},"297":{"start":{"line":461,"column":12},"end":{"line":461,"column":70}},"298":{"start":{"line":462,"column":12},"end":{"line":462,"column":69}},"299":{"start":{"line":463,"column":12},"end":{"line":463,"column":71}},"300":{"start":{"line":464,"column":12},"end":{"line":464,"column":69}},"301":{"start":{"line":465,"column":12},"end":{"line":465,"column":69}},"302":{"start":{"line":466,"column":12},"end":{"line":466,"column":62}},"303":{"start":{"line":467,"column":12},"end":{"line":467,"column":61}},"304":{"start":{"line":468,"column":12},"end":{"line":468,"column":61}},"305":{"start":{"line":469,"column":12},"end":{"line":469,"column":61}},"306":{"start":{"line":472,"column":8},"end":{"line":475,"column":11}},"307":{"start":{"line":473,"column":12},"end":{"line":473,"column":62}},"308":{"start":{"line":477,"column":8},"end":{"line":480,"column":11}},"309":{"start":{"line":478,"column":12},"end":{"line":478,"column":84}},"310":{"start":{"line":479,"column":12},"end":{"line":479,"column":128}},"311":{"start":{"line":482,"column":8},"end":{"line":485,"column":11}},"312":{"start":{"line":483,"column":12},"end":{"line":483,"column":86}},"313":{"start":{"line":484,"column":12},"end":{"line":484,"column":130}},"314":{"start":{"line":487,"column":8},"end":{"line":491,"column":11}},"315":{"start":{"line":488,"column":12},"end":{"line":488,"column":91}},"316":{"start":{"line":489,"column":12},"end":{"line":489,"column":138}},"317":{"start":{"line":490,"column":12},"end":{"line":490,"column":88}},"318":{"start":{"line":493,"column":8},"end":{"line":497,"column":11}},"319":{"start":{"line":494,"column":12},"end":{"line":494,"column":86}},"320":{"start":{"line":495,"column":12},"end":{"line":495,"column":132}},"321":{"start":{"line":496,"column":12},"end":{"line":496,"column":86}},"322":{"start":{"line":499,"column":8},"end":{"line":504,"column":11}},"323":{"start":{"line":500,"column":12},"end":{"line":500,"column":53}},"324":{"start":{"line":501,"column":12},"end":{"line":501,"column":60}},"325":{"start":{"line":502,"column":12},"end":{"line":502,"column":53}},"326":{"start":{"line":503,"column":12},"end":{"line":503,"column":60}},"327":{"start":{"line":506,"column":8},"end":{"line":515,"column":11}},"328":{"start":{"line":507,"column":12},"end":{"line":507,"column":80}},"329":{"start":{"line":508,"column":12},"end":{"line":508,"column":81}},"330":{"start":{"line":509,"column":12},"end":{"line":509,"column":80}},"331":{"start":{"line":510,"column":12},"end":{"line":510,"column":80}},"332":{"start":{"line":511,"column":12},"end":{"line":511,"column":142}},"333":{"start":{"line":512,"column":12},"end":{"line":512,"column":144}},"334":{"start":{"line":513,"column":12},"end":{"line":513,"column":146}},"335":{"start":{"line":514,"column":12},"end":{"line":514,"column":144}},"336":{"start":{"line":517,"column":8},"end":{"line":523,"column":11}},"337":{"start":{"line":518,"column":12},"end":{"line":518,"column":68}},"338":{"start":{"line":519,"column":12},"end":{"line":519,"column":61}},"339":{"start":{"line":520,"column":12},"end":{"line":520,"column":63}},"340":{"start":{"line":521,"column":12},"end":{"line":521,"column":62}},"341":{"start":{"line":522,"column":12},"end":{"line":522,"column":62}},"342":{"start":{"line":527,"column":4},"end":{"line":621,"column":7}},"343":{"start":{"line":528,"column":8},"end":{"line":530,"column":11}},"344":{"start":{"line":529,"column":12},"end":{"line":529,"column":46}},"345":{"start":{"line":532,"column":8},"end":{"line":534,"column":11}},"346":{"start":{"line":533,"column":12},"end":{"line":533,"column":46}},"347":{"start":{"line":536,"column":8},"end":{"line":540,"column":11}},"348":{"start":{"line":537,"column":24},"end":{"line":537,"column":35}},"349":{"start":{"line":538,"column":12},"end":{"line":538,"column":43}},"350":{"start":{"line":539,"column":12},"end":{"line":539,"column":46}},"351":{"start":{"line":542,"column":8},"end":{"line":550,"column":11}},"352":{"start":{"line":543,"column":24},"end":{"line":543,"column":25}},"353":{"start":{"line":544,"column":34},"end":{"line":547,"column":13}},"354":{"start":{"line":545,"column":16},"end":{"line":545,"column":24}},"355":{"start":{"line":546,"column":16},"end":{"line":546,"column":22}},"356":{"start":{"line":548,"column":12},"end":{"line":548,"column":53}},"357":{"start":{"line":549,"column":12},"end":{"line":549,"column":38}},"358":{"start":{"line":552,"column":8},"end":{"line":558,"column":11}},"359":{"start":{"line":553,"column":34},"end":{"line":553,"column":46}},"360":{"start":{"line":553,"column":41},"end":{"line":553,"column":46}},"361":{"start":{"line":555,"column":27},"end":{"line":555,"column":67}},"362":{"start":{"line":556,"column":12},"end":{"line":556,"column":45}},"363":{"start":{"line":557,"column":12},"end":{"line":557,"column":57}},"364":{"start":{"line":560,"column":8},"end":{"line":566,"column":11}},"365":{"start":{"line":561,"column":31},"end":{"line":561,"column":51}},"366":{"start":{"line":561,"column":39},"end":{"line":561,"column":51}},"367":{"start":{"line":563,"column":27},"end":{"line":563,"column":55}},"368":{"start":{"line":564,"column":12},"end":{"line":564,"column":45}},"369":{"start":{"line":565,"column":12},"end":{"line":565,"column":60}},"370":{"start":{"line":568,"column":8},"end":{"line":574,"column":11}},"371":{"start":{"line":569,"column":32},"end":{"line":569,"column":58}},"372":{"start":{"line":569,"column":47},"end":{"line":569,"column":58}},"373":{"start":{"line":571,"column":27},"end":{"line":571,"column":62}},"374":{"start":{"line":572,"column":12},"end":{"line":572,"column":45}},"375":{"start":{"line":573,"column":12},"end":{"line":573,"column":66}},"376":{"start":{"line":576,"column":8},"end":{"line":582,"column":11}},"377":{"start":{"line":577,"column":31},"end":{"line":577,"column":56}},"378":{"start":{"line":577,"column":52},"end":{"line":577,"column":56}},"379":{"start":{"line":579,"column":27},"end":{"line":579,"column":61}},"380":{"start":{"line":580,"column":12},"end":{"line":580,"column":45}},"381":{"start":{"line":581,"column":12},"end":{"line":581,"column":87}},"382":{"start":{"line":584,"column":8},"end":{"line":588,"column":11}},"383":{"start":{"line":585,"column":24},"end":{"line":585,"column":35}},"384":{"start":{"line":586,"column":12},"end":{"line":586,"column":57}},"385":{"start":{"line":587,"column":12},"end":{"line":587,"column":46}},"386":{"start":{"line":590,"column":8},"end":{"line":596,"column":11}},"387":{"start":{"line":591,"column":34},"end":{"line":591,"column":46}},"388":{"start":{"line":591,"column":41},"end":{"line":591,"column":46}},"389":{"start":{"line":593,"column":27},"end":{"line":593,"column":81}},"390":{"start":{"line":594,"column":12},"end":{"line":594,"column":46}},"391":{"start":{"line":595,"column":12},"end":{"line":595,"column":70}},"392":{"start":{"line":598,"column":8},"end":{"line":604,"column":11}},"393":{"start":{"line":599,"column":31},"end":{"line":599,"column":60}},"394":{"start":{"line":599,"column":42},"end":{"line":599,"column":60}},"395":{"start":{"line":601,"column":27},"end":{"line":601,"column":78}},"396":{"start":{"line":602,"column":12},"end":{"line":602,"column":46}},"397":{"start":{"line":603,"column":12},"end":{"line":603,"column":94}},"398":{"start":{"line":606,"column":8},"end":{"line":612,"column":11}},"399":{"start":{"line":607,"column":32},"end":{"line":607,"column":66}},"400":{"start":{"line":607,"column":48},"end":{"line":607,"column":66}},"401":{"start":{"line":609,"column":27},"end":{"line":609,"column":67}},"402":{"start":{"line":610,"column":12},"end":{"line":610,"column":46}},"403":{"start":{"line":611,"column":12},"end":{"line":611,"column":77}},"404":{"start":{"line":614,"column":8},"end":{"line":620,"column":11}},"405":{"start":{"line":615,"column":31},"end":{"line":615,"column":57}},"406":{"start":{"line":615,"column":53},"end":{"line":615,"column":57}},"407":{"start":{"line":617,"column":27},"end":{"line":617,"column":66}},"408":{"start":{"line":618,"column":12},"end":{"line":618,"column":46}},"409":{"start":{"line":619,"column":12},"end":{"line":619,"column":113}},"410":{"start":{"line":624,"column":4},"end":{"line":721,"column":7}},"411":{"start":{"line":625,"column":8},"end":{"line":627,"column":11}},"412":{"start":{"line":626,"column":12},"end":{"line":626,"column":51}},"413":{"start":{"line":629,"column":8},"end":{"line":631,"column":11}},"414":{"start":{"line":630,"column":12},"end":{"line":630,"column":58}},"415":{"start":{"line":633,"column":8},"end":{"line":636,"column":11}},"416":{"start":{"line":634,"column":12},"end":{"line":634,"column":64}},"417":{"start":{"line":635,"column":12},"end":{"line":635,"column":52}},"418":{"start":{"line":638,"column":8},"end":{"line":643,"column":11}},"419":{"start":{"line":639,"column":12},"end":{"line":639,"column":60}},"420":{"start":{"line":640,"column":12},"end":{"line":640,"column":69}},"421":{"start":{"line":641,"column":12},"end":{"line":641,"column":68}},"422":{"start":{"line":642,"column":12},"end":{"line":642,"column":80}},"423":{"start":{"line":645,"column":8},"end":{"line":647,"column":11}},"424":{"start":{"line":646,"column":12},"end":{"line":646,"column":61}},"425":{"start":{"line":649,"column":8},"end":{"line":651,"column":11}},"426":{"start":{"line":650,"column":12},"end":{"line":650,"column":58}},"427":{"start":{"line":653,"column":8},"end":{"line":656,"column":11}},"428":{"start":{"line":654,"column":12},"end":{"line":654,"column":87}},"429":{"start":{"line":655,"column":12},"end":{"line":655,"column":86}},"430":{"start":{"line":658,"column":8},"end":{"line":662,"column":11}},"431":{"start":{"line":659,"column":12},"end":{"line":659,"column":57}},"432":{"start":{"line":660,"column":12},"end":{"line":660,"column":61}},"433":{"start":{"line":661,"column":12},"end":{"line":661,"column":59}},"434":{"start":{"line":664,"column":8},"end":{"line":666,"column":11}},"435":{"start":{"line":665,"column":12},"end":{"line":665,"column":65}},"436":{"start":{"line":668,"column":8},"end":{"line":671,"column":11}},"437":{"start":{"line":669,"column":12},"end":{"line":669,"column":60}},"438":{"start":{"line":670,"column":12},"end":{"line":670,"column":60}},"439":{"start":{"line":673,"column":8},"end":{"line":675,"column":11}},"440":{"start":{"line":674,"column":12},"end":{"line":674,"column":49}},"441":{"start":{"line":677,"column":8},"end":{"line":684,"column":11}},"442":{"start":{"line":678,"column":12},"end":{"line":678,"column":76}},"443":{"start":{"line":679,"column":12},"end":{"line":679,"column":75}},"444":{"start":{"line":680,"column":12},"end":{"line":680,"column":95}},"445":{"start":{"line":681,"column":12},"end":{"line":681,"column":94}},"446":{"start":{"line":682,"column":12},"end":{"line":682,"column":65}},"447":{"start":{"line":683,"column":12},"end":{"line":683,"column":64}},"448":{"start":{"line":686,"column":8},"end":{"line":688,"column":11}},"449":{"start":{"line":687,"column":12},"end":{"line":687,"column":73}},"450":{"start":{"line":690,"column":8},"end":{"line":693,"column":11}},"451":{"start":{"line":691,"column":12},"end":{"line":691,"column":73}},"452":{"start":{"line":692,"column":12},"end":{"line":692,"column":64}},"453":{"start":{"line":695,"column":8},"end":{"line":706,"column":11}},"454":{"start":{"line":696,"column":12},"end":{"line":696,"column":74}},"455":{"start":{"line":697,"column":12},"end":{"line":697,"column":73}},"456":{"start":{"line":698,"column":12},"end":{"line":698,"column":73}},"457":{"start":{"line":699,"column":12},"end":{"line":699,"column":75}},"458":{"start":{"line":700,"column":12},"end":{"line":700,"column":74}},"459":{"start":{"line":701,"column":12},"end":{"line":701,"column":73}},"460":{"start":{"line":702,"column":12},"end":{"line":702,"column":66}},"461":{"start":{"line":703,"column":12},"end":{"line":703,"column":65}},"462":{"start":{"line":704,"column":12},"end":{"line":704,"column":66}},"463":{"start":{"line":705,"column":12},"end":{"line":705,"column":65}},"464":{"start":{"line":708,"column":8},"end":{"line":710,"column":11}},"465":{"start":{"line":709,"column":12},"end":{"line":709,"column":66}},"466":{"start":{"line":712,"column":8},"end":{"line":720,"column":11}},"467":{"start":{"line":713,"column":12},"end":{"line":713,"column":65}},"468":{"start":{"line":714,"column":12},"end":{"line":714,"column":65}},"469":{"start":{"line":715,"column":12},"end":{"line":715,"column":66}},"470":{"start":{"line":716,"column":12},"end":{"line":716,"column":70}},"471":{"start":{"line":717,"column":12},"end":{"line":717,"column":71}},"472":{"start":{"line":718,"column":12},"end":{"line":718,"column":70}},"473":{"start":{"line":719,"column":12},"end":{"line":719,"column":71}},"474":{"start":{"line":724,"column":4},"end":{"line":833,"column":7}},"475":{"start":{"line":725,"column":8},"end":{"line":727,"column":11}},"476":{"start":{"line":726,"column":12},"end":{"line":726,"column":48}},"477":{"start":{"line":729,"column":8},"end":{"line":731,"column":11}},"478":{"start":{"line":730,"column":12},"end":{"line":730,"column":48}},"479":{"start":{"line":733,"column":8},"end":{"line":744,"column":11}},"480":{"start":{"line":734,"column":25},"end":{"line":740,"column":13}},"481":{"start":{"line":742,"column":12},"end":{"line":742,"column":48}},"482":{"start":{"line":743,"column":12},"end":{"line":743,"column":65}},"483":{"start":{"line":746,"column":8},"end":{"line":760,"column":11}},"484":{"start":{"line":747,"column":25},"end":{"line":753,"column":13}},"485":{"start":{"line":755,"column":36},"end":{"line":755,"column":81}},"486":{"start":{"line":756,"column":34},"end":{"line":756,"column":88}},"487":{"start":{"line":758,"column":12},"end":{"line":758,"column":71}},"488":{"start":{"line":759,"column":12},"end":{"line":759,"column":67}},"489":{"start":{"line":762,"column":8},"end":{"line":773,"column":11}},"490":{"start":{"line":763,"column":25},"end":{"line":769,"column":13}},"491":{"start":{"line":771,"column":29},"end":{"line":771,"column":84}},"492":{"start":{"line":772,"column":12},"end":{"line":772,"column":59}},"493":{"start":{"line":775,"column":8},"end":{"line":786,"column":11}},"494":{"start":{"line":776,"column":25},"end":{"line":782,"column":13}},"495":{"start":{"line":784,"column":29},"end":{"line":784,"column":116}},"496":{"start":{"line":785,"column":12},"end":{"line":785,"column":59}},"497":{"start":{"line":788,"column":8},"end":{"line":790,"column":11}},"498":{"start":{"line":789,"column":12},"end":{"line":789,"column":41}},"499":{"start":{"line":792,"column":8},"end":{"line":802,"column":11}},"500":{"start":{"line":793,"column":25},"end":{"line":799,"column":13}},"501":{"start":{"line":801,"column":12},"end":{"line":801,"column":54}},"502":{"start":{"line":804,"column":8},"end":{"line":810,"column":11}},"503":{"start":{"line":805,"column":25},"end":{"line":805,"column":48}},"504":{"start":{"line":806,"column":26},"end":{"line":806,"column":71}},"505":{"start":{"line":808,"column":12},"end":{"line":808,"column":85}},"506":{"start":{"line":809,"column":12},"end":{"line":809,"column":95}},"507":{"start":{"line":812,"column":8},"end":{"line":815,"column":11}},"508":{"start":{"line":813,"column":25},"end":{"line":813,"column":45}},"509":{"start":{"line":814,"column":12},"end":{"line":814,"column":50}},"510":{"start":{"line":817,"column":8},"end":{"line":822,"column":11}},"511":{"start":{"line":818,"column":31},"end":{"line":818,"column":34}},"512":{"start":{"line":819,"column":32},"end":{"line":819,"column":37}},"513":{"start":{"line":820,"column":12},"end":{"line":820,"column":54}},"514":{"start":{"line":821,"column":12},"end":{"line":821,"column":59}},"515":{"start":{"line":824,"column":8},"end":{"line":832,"column":11}},"516":{"start":{"line":825,"column":34},"end":{"line":825,"column":38}},"517":{"start":{"line":826,"column":12},"end":{"line":826,"column":68}},"518":{"start":{"line":827,"column":12},"end":{"line":827,"column":79}},"519":{"start":{"line":829,"column":35},"end":{"line":829,"column":42}},"520":{"start":{"line":830,"column":12},"end":{"line":830,"column":69}},"521":{"start":{"line":831,"column":12},"end":{"line":831,"column":113}},"522":{"start":{"line":836,"column":4},"end":{"line":1035,"column":7}},"523":{"start":{"line":837,"column":8},"end":{"line":839,"column":11}},"524":{"start":{"line":838,"column":12},"end":{"line":838,"column":49}},"525":{"start":{"line":841,"column":8},"end":{"line":843,"column":11}},"526":{"start":{"line":842,"column":12},"end":{"line":842,"column":49}},"527":{"start":{"line":845,"column":8},"end":{"line":849,"column":11}},"528":{"start":{"line":846,"column":24},"end":{"line":846,"column":35}},"529":{"start":{"line":847,"column":12},"end":{"line":847,"column":50}},"530":{"start":{"line":848,"column":12},"end":{"line":848,"column":46}},"531":{"start":{"line":851,"column":8},"end":{"line":856,"column":11}},"532":{"start":{"line":852,"column":24},"end":{"line":852,"column":25}},"533":{"start":{"line":853,"column":35},"end":{"line":853,"column":48}},"534":{"start":{"line":853,"column":41},"end":{"line":853,"column":48}},"535":{"start":{"line":854,"column":12},"end":{"line":854,"column":60}},"536":{"start":{"line":855,"column":12},"end":{"line":855,"column":38}},"537":{"start":{"line":858,"column":8},"end":{"line":863,"column":11}},"538":{"start":{"line":859,"column":27},"end":{"line":859,"column":64}},"539":{"start":{"line":859,"column":43},"end":{"line":859,"column":64}},"540":{"start":{"line":860,"column":25},"end":{"line":860,"column":59}},"541":{"start":{"line":861,"column":12},"end":{"line":861,"column":45}},"542":{"start":{"line":862,"column":12},"end":{"line":862,"column":48}},"543":{"start":{"line":865,"column":8},"end":{"line":870,"column":11}},"544":{"start":{"line":866,"column":27},"end":{"line":866,"column":57}},"545":{"start":{"line":866,"column":37},"end":{"line":866,"column":57}},"546":{"start":{"line":867,"column":25},"end":{"line":867,"column":59}},"547":{"start":{"line":868,"column":12},"end":{"line":868,"column":45}},"548":{"start":{"line":869,"column":12},"end":{"line":869,"column":72}},"549":{"start":{"line":872,"column":8},"end":{"line":877,"column":11}},"550":{"start":{"line":873,"column":27},"end":{"line":873,"column":64}},"551":{"start":{"line":873,"column":43},"end":{"line":873,"column":64}},"552":{"start":{"line":874,"column":27},"end":{"line":874,"column":67}},"553":{"start":{"line":875,"column":12},"end":{"line":875,"column":47}},"554":{"start":{"line":876,"column":12},"end":{"line":876,"column":56}},"555":{"start":{"line":879,"column":8},"end":{"line":884,"column":11}},"556":{"start":{"line":880,"column":35},"end":{"line":880,"column":76}},"557":{"start":{"line":880,"column":58},"end":{"line":880,"column":76}},"558":{"start":{"line":881,"column":25},"end":{"line":881,"column":73}},"559":{"start":{"line":882,"column":12},"end":{"line":882,"column":47}},"560":{"start":{"line":883,"column":12},"end":{"line":883,"column":54}},"561":{"start":{"line":886,"column":8},"end":{"line":893,"column":11}},"562":{"start":{"line":887,"column":33},"end":{"line":890,"column":13}},"563":{"start":{"line":888,"column":16},"end":{"line":888,"column":32}},"564":{"start":{"line":889,"column":16},"end":{"line":889,"column":28}},"565":{"start":{"line":891,"column":25},"end":{"line":891,"column":65}},"566":{"start":{"line":892,"column":12},"end":{"line":892,"column":92}},"567":{"start":{"line":895,"column":8},"end":{"line":902,"column":11}},"568":{"start":{"line":896,"column":36},"end":{"line":899,"column":13}},"569":{"start":{"line":897,"column":16},"end":{"line":897,"column":35}},"570":{"start":{"line":898,"column":16},"end":{"line":898,"column":28}},"571":{"start":{"line":900,"column":25},"end":{"line":900,"column":94}},"572":{"start":{"line":901,"column":12},"end":{"line":901,"column":66}},"573":{"start":{"line":904,"column":8},"end":{"line":914,"column":11}},"574":{"start":{"line":905,"column":31},"end":{"line":908,"column":13}},"575":{"start":{"line":906,"column":16},"end":{"line":906,"column":29}},"576":{"start":{"line":907,"column":16},"end":{"line":907,"column":28}},"577":{"start":{"line":909,"column":25},"end":{"line":909,"column":65}},"578":{"start":{"line":910,"column":12},"end":{"line":910,"column":40}},"579":{"start":{"line":912,"column":12},"end":{"line":912,"column":62}},"580":{"start":{"line":913,"column":12},"end":{"line":913,"column":40}},"581":{"start":{"line":916,"column":8},"end":{"line":923,"column":11}},"582":{"start":{"line":917,"column":38},"end":{"line":920,"column":13}},"583":{"start":{"line":918,"column":16},"end":{"line":918,"column":39}},"584":{"start":{"line":919,"column":16},"end":{"line":919,"column":28}},"585":{"start":{"line":921,"column":25},"end":{"line":921,"column":67}},"586":{"start":{"line":922,"column":12},"end":{"line":922,"column":56}},"587":{"start":{"line":925,"column":8},"end":{"line":929,"column":11}},"588":{"start":{"line":926,"column":24},"end":{"line":926,"column":35}},"589":{"start":{"line":927,"column":12},"end":{"line":927,"column":46}},"590":{"start":{"line":928,"column":12},"end":{"line":928,"column":46}},"591":{"start":{"line":931,"column":8},"end":{"line":936,"column":11}},"592":{"start":{"line":932,"column":24},"end":{"line":932,"column":25}},"593":{"start":{"line":933,"column":35},"end":{"line":933,"column":48}},"594":{"start":{"line":933,"column":41},"end":{"line":933,"column":48}},"595":{"start":{"line":934,"column":12},"end":{"line":934,"column":57}},"596":{"start":{"line":935,"column":12},"end":{"line":935,"column":38}},"597":{"start":{"line":938,"column":8},"end":{"line":944,"column":11}},"598":{"start":{"line":939,"column":31},"end":{"line":939,"column":59}},"599":{"start":{"line":939,"column":47},"end":{"line":939,"column":59}},"600":{"start":{"line":940,"column":26},"end":{"line":940,"column":63}},"601":{"start":{"line":941,"column":26},"end":{"line":941,"column":60}},"602":{"start":{"line":942,"column":12},"end":{"line":942,"column":44}},"603":{"start":{"line":943,"column":12},"end":{"line":943,"column":39}},"604":{"start":{"line":946,"column":8},"end":{"line":951,"column":11}},"605":{"start":{"line":947,"column":24},"end":{"line":947,"column":25}},"606":{"start":{"line":948,"column":35},"end":{"line":948,"column":48}},"607":{"start":{"line":948,"column":41},"end":{"line":948,"column":48}},"608":{"start":{"line":949,"column":12},"end":{"line":949,"column":68}},"609":{"start":{"line":950,"column":12},"end":{"line":950,"column":38}},"610":{"start":{"line":953,"column":8},"end":{"line":958,"column":11}},"611":{"start":{"line":954,"column":27},"end":{"line":954,"column":64}},"612":{"start":{"line":954,"column":43},"end":{"line":954,"column":64}},"613":{"start":{"line":955,"column":25},"end":{"line":955,"column":73}},"614":{"start":{"line":956,"column":12},"end":{"line":956,"column":45}},"615":{"start":{"line":957,"column":12},"end":{"line":957,"column":48}},"616":{"start":{"line":960,"column":8},"end":{"line":965,"column":11}},"617":{"start":{"line":961,"column":27},"end":{"line":961,"column":57}},"618":{"start":{"line":961,"column":37},"end":{"line":961,"column":57}},"619":{"start":{"line":962,"column":25},"end":{"line":962,"column":73}},"620":{"start":{"line":963,"column":12},"end":{"line":963,"column":45}},"621":{"start":{"line":964,"column":12},"end":{"line":964,"column":72}},"622":{"start":{"line":967,"column":8},"end":{"line":972,"column":11}},"623":{"start":{"line":968,"column":27},"end":{"line":968,"column":66}},"624":{"start":{"line":968,"column":44},"end":{"line":968,"column":66}},"625":{"start":{"line":969,"column":27},"end":{"line":969,"column":75}},"626":{"start":{"line":970,"column":12},"end":{"line":970,"column":47}},"627":{"start":{"line":971,"column":12},"end":{"line":971,"column":48}},"628":{"start":{"line":974,"column":8},"end":{"line":979,"column":11}},"629":{"start":{"line":975,"column":33},"end":{"line":975,"column":71}},"630":{"start":{"line":975,"column":55},"end":{"line":975,"column":71}},"631":{"start":{"line":976,"column":25},"end":{"line":976,"column":79}},"632":{"start":{"line":977,"column":12},"end":{"line":977,"column":47}},"633":{"start":{"line":978,"column":12},"end":{"line":978,"column":56}},"634":{"start":{"line":981,"column":8},"end":{"line":988,"column":11}},"635":{"start":{"line":982,"column":33},"end":{"line":985,"column":13}},"636":{"start":{"line":983,"column":16},"end":{"line":983,"column":32}},"637":{"start":{"line":984,"column":16},"end":{"line":984,"column":28}},"638":{"start":{"line":986,"column":25},"end":{"line":986,"column":79}},"639":{"start":{"line":987,"column":12},"end":{"line":987,"column":148}},"640":{"start":{"line":990,"column":8},"end":{"line":997,"column":11}},"641":{"start":{"line":991,"column":36},"end":{"line":994,"column":13}},"642":{"start":{"line":992,"column":16},"end":{"line":992,"column":36}},"643":{"start":{"line":993,"column":16},"end":{"line":993,"column":28}},"644":{"start":{"line":995,"column":25},"end":{"line":995,"column":108}},"645":{"start":{"line":996,"column":12},"end":{"line":996,"column":66}},"646":{"start":{"line":999,"column":8},"end":{"line":1009,"column":11}},"647":{"start":{"line":1000,"column":31},"end":{"line":1003,"column":13}},"648":{"start":{"line":1001,"column":16},"end":{"line":1001,"column":30}},"649":{"start":{"line":1002,"column":16},"end":{"line":1002,"column":28}},"650":{"start":{"line":1004,"column":25},"end":{"line":1004,"column":76}},"651":{"start":{"line":1005,"column":12},"end":{"line":1005,"column":40}},"652":{"start":{"line":1007,"column":12},"end":{"line":1007,"column":73}},"653":{"start":{"line":1008,"column":12},"end":{"line":1008,"column":40}},"654":{"start":{"line":1011,"column":8},"end":{"line":1018,"column":11}},"655":{"start":{"line":1012,"column":38},"end":{"line":1015,"column":13}},"656":{"start":{"line":1013,"column":16},"end":{"line":1013,"column":38}},"657":{"start":{"line":1014,"column":16},"end":{"line":1014,"column":28}},"658":{"start":{"line":1016,"column":25},"end":{"line":1016,"column":84}},"659":{"start":{"line":1017,"column":12},"end":{"line":1017,"column":62}},"660":{"start":{"line":1020,"column":8},"end":{"line":1025,"column":11}},"661":{"start":{"line":1021,"column":24},"end":{"line":1021,"column":25}},"662":{"start":{"line":1022,"column":35},"end":{"line":1022,"column":48}},"663":{"start":{"line":1022,"column":41},"end":{"line":1022,"column":48}},"664":{"start":{"line":1023,"column":12},"end":{"line":1023,"column":65}},"665":{"start":{"line":1024,"column":12},"end":{"line":1024,"column":38}},"666":{"start":{"line":1027,"column":8},"end":{"line":1033,"column":11}},"667":{"start":{"line":1028,"column":31},"end":{"line":1028,"column":59}},"668":{"start":{"line":1028,"column":47},"end":{"line":1028,"column":59}},"669":{"start":{"line":1029,"column":26},"end":{"line":1029,"column":77}},"670":{"start":{"line":1030,"column":26},"end":{"line":1030,"column":74}},"671":{"start":{"line":1031,"column":12},"end":{"line":1031,"column":44}},"672":{"start":{"line":1032,"column":12},"end":{"line":1032,"column":39}},"673":{"start":{"line":1038,"column":4},"end":{"line":1112,"column":7}},"674":{"start":{"line":1039,"column":8},"end":{"line":1041,"column":11}},"675":{"start":{"line":1040,"column":12},"end":{"line":1040,"column":48}},"676":{"start":{"line":1043,"column":8},"end":{"line":1045,"column":11}},"677":{"start":{"line":1044,"column":12},"end":{"line":1044,"column":48}},"678":{"start":{"line":1047,"column":8},"end":{"line":1050,"column":11}},"679":{"start":{"line":1048,"column":29},"end":{"line":1048,"column":67}},"680":{"start":{"line":1048,"column":41},"end":{"line":1048,"column":67}},"681":{"start":{"line":1049,"column":12},"end":{"line":1049,"column":64}},"682":{"start":{"line":1052,"column":8},"end":{"line":1058,"column":11}},"683":{"start":{"line":1053,"column":29},"end":{"line":1053,"column":67}},"684":{"start":{"line":1053,"column":41},"end":{"line":1053,"column":67}},"685":{"start":{"line":1054,"column":12},"end":{"line":1054,"column":71}},"686":{"start":{"line":1056,"column":27},"end":{"line":1056,"column":55}},"687":{"start":{"line":1056,"column":39},"end":{"line":1056,"column":55}},"688":{"start":{"line":1057,"column":12},"end":{"line":1057,"column":61}},"689":{"start":{"line":1060,"column":8},"end":{"line":1066,"column":11}},"690":{"start":{"line":1061,"column":29},"end":{"line":1061,"column":67}},"691":{"start":{"line":1061,"column":41},"end":{"line":1061,"column":67}},"692":{"start":{"line":1062,"column":12},"end":{"line":1062,"column":70}},"693":{"start":{"line":1064,"column":27},"end":{"line":1064,"column":55}},"694":{"start":{"line":1064,"column":39},"end":{"line":1064,"column":55}},"695":{"start":{"line":1065,"column":12},"end":{"line":1065,"column":62}},"696":{"start":{"line":1068,"column":8},"end":{"line":1080,"column":11}},"697":{"start":{"line":1069,"column":24},"end":{"line":1069,"column":25}},"698":{"start":{"line":1070,"column":29},"end":{"line":1073,"column":13}},"699":{"start":{"line":1071,"column":16},"end":{"line":1071,"column":24}},"700":{"start":{"line":1072,"column":16},"end":{"line":1072,"column":50}},"701":{"start":{"line":1074,"column":12},"end":{"line":1074,"column":52}},"702":{"start":{"line":1075,"column":12},"end":{"line":1075,"column":38}},"703":{"start":{"line":1077,"column":12},"end":{"line":1077,"column":22}},"704":{"start":{"line":1078,"column":12},"end":{"line":1078,"column":50}},"705":{"start":{"line":1079,"column":12},"end":{"line":1079,"column":38}},"706":{"start":{"line":1082,"column":8},"end":{"line":1088,"column":11}},"707":{"start":{"line":1083,"column":29},"end":{"line":1083,"column":67}},"708":{"start":{"line":1083,"column":41},"end":{"line":1083,"column":67}},"709":{"start":{"line":1084,"column":12},"end":{"line":1084,"column":85}},"710":{"start":{"line":1086,"column":27},"end":{"line":1086,"column":55}},"711":{"start":{"line":1086,"column":39},"end":{"line":1086,"column":55}},"712":{"start":{"line":1087,"column":12},"end":{"line":1087,"column":75}},"713":{"start":{"line":1090,"column":8},"end":{"line":1096,"column":11}},"714":{"start":{"line":1091,"column":29},"end":{"line":1091,"column":67}},"715":{"start":{"line":1091,"column":41},"end":{"line":1091,"column":67}},"716":{"start":{"line":1092,"column":12},"end":{"line":1092,"column":84}},"717":{"start":{"line":1094,"column":27},"end":{"line":1094,"column":55}},"718":{"start":{"line":1094,"column":39},"end":{"line":1094,"column":55}},"719":{"start":{"line":1095,"column":12},"end":{"line":1095,"column":76}},"720":{"start":{"line":1098,"column":8},"end":{"line":1110,"column":11}},"721":{"start":{"line":1099,"column":24},"end":{"line":1099,"column":25}},"722":{"start":{"line":1100,"column":29},"end":{"line":1103,"column":13}},"723":{"start":{"line":1101,"column":16},"end":{"line":1101,"column":24}},"724":{"start":{"line":1102,"column":16},"end":{"line":1102,"column":50}},"725":{"start":{"line":1104,"column":12},"end":{"line":1104,"column":66}},"726":{"start":{"line":1105,"column":12},"end":{"line":1105,"column":38}},"727":{"start":{"line":1107,"column":12},"end":{"line":1107,"column":22}},"728":{"start":{"line":1108,"column":12},"end":{"line":1108,"column":64}},"729":{"start":{"line":1109,"column":12},"end":{"line":1109,"column":38}},"730":{"start":{"line":1115,"column":4},"end":{"line":1198,"column":7}},"731":{"start":{"line":1116,"column":8},"end":{"line":1118,"column":11}},"732":{"start":{"line":1117,"column":12},"end":{"line":1117,"column":47}},"733":{"start":{"line":1120,"column":8},"end":{"line":1122,"column":11}},"734":{"start":{"line":1121,"column":12},"end":{"line":1121,"column":47}},"735":{"start":{"line":1124,"column":8},"end":{"line":1127,"column":11}},"736":{"start":{"line":1125,"column":29},"end":{"line":1125,"column":67}},"737":{"start":{"line":1125,"column":41},"end":{"line":1125,"column":67}},"738":{"start":{"line":1126,"column":12},"end":{"line":1126,"column":63}},"739":{"start":{"line":1129,"column":8},"end":{"line":1139,"column":11}},"740":{"start":{"line":1130,"column":29},"end":{"line":1130,"column":67}},"741":{"start":{"line":1130,"column":41},"end":{"line":1130,"column":67}},"742":{"start":{"line":1131,"column":12},"end":{"line":1131,"column":70}},"743":{"start":{"line":1132,"column":12},"end":{"line":1132,"column":64}},"744":{"start":{"line":1133,"column":12},"end":{"line":1133,"column":68}},"745":{"start":{"line":1135,"column":27},"end":{"line":1135,"column":55}},"746":{"start":{"line":1135,"column":39},"end":{"line":1135,"column":55}},"747":{"start":{"line":1136,"column":12},"end":{"line":1136,"column":60}},"748":{"start":{"line":1137,"column":12},"end":{"line":1137,"column":60}},"749":{"start":{"line":1138,"column":12},"end":{"line":1138,"column":60}},"750":{"start":{"line":1141,"column":8},"end":{"line":1147,"column":11}},"751":{"start":{"line":1142,"column":29},"end":{"line":1142,"column":67}},"752":{"start":{"line":1142,"column":41},"end":{"line":1142,"column":67}},"753":{"start":{"line":1143,"column":12},"end":{"line":1143,"column":71}},"754":{"start":{"line":1145,"column":27},"end":{"line":1145,"column":55}},"755":{"start":{"line":1145,"column":39},"end":{"line":1145,"column":55}},"756":{"start":{"line":1146,"column":12},"end":{"line":1146,"column":61}},"757":{"start":{"line":1149,"column":8},"end":{"line":1161,"column":11}},"758":{"start":{"line":1150,"column":24},"end":{"line":1150,"column":25}},"759":{"start":{"line":1151,"column":29},"end":{"line":1154,"column":13}},"760":{"start":{"line":1152,"column":16},"end":{"line":1152,"column":24}},"761":{"start":{"line":1153,"column":16},"end":{"line":1153,"column":50}},"762":{"start":{"line":1155,"column":12},"end":{"line":1155,"column":51}},"763":{"start":{"line":1156,"column":12},"end":{"line":1156,"column":38}},"764":{"start":{"line":1158,"column":12},"end":{"line":1158,"column":22}},"765":{"start":{"line":1159,"column":12},"end":{"line":1159,"column":45}},"766":{"start":{"line":1160,"column":12},"end":{"line":1160,"column":38}},"767":{"start":{"line":1163,"column":8},"end":{"line":1174,"column":11}},"768":{"start":{"line":1164,"column":29},"end":{"line":1164,"column":67}},"769":{"start":{"line":1164,"column":41},"end":{"line":1164,"column":67}},"770":{"start":{"line":1165,"column":12},"end":{"line":1165,"column":84}},"771":{"start":{"line":1166,"column":12},"end":{"line":1166,"column":82}},"772":{"start":{"line":1167,"column":12},"end":{"line":1167,"column":86}},"773":{"start":{"line":1168,"column":12},"end":{"line":1168,"column":85}},"774":{"start":{"line":1170,"column":27},"end":{"line":1170,"column":55}},"775":{"start":{"line":1170,"column":39},"end":{"line":1170,"column":55}},"776":{"start":{"line":1171,"column":12},"end":{"line":1171,"column":74}},"777":{"start":{"line":1172,"column":12},"end":{"line":1172,"column":74}},"778":{"start":{"line":1173,"column":12},"end":{"line":1173,"column":75}},"779":{"start":{"line":1176,"column":8},"end":{"line":1182,"column":11}},"780":{"start":{"line":1177,"column":29},"end":{"line":1177,"column":67}},"781":{"start":{"line":1177,"column":41},"end":{"line":1177,"column":67}},"782":{"start":{"line":1178,"column":12},"end":{"line":1178,"column":77}},"783":{"start":{"line":1180,"column":27},"end":{"line":1180,"column":55}},"784":{"start":{"line":1180,"column":39},"end":{"line":1180,"column":55}},"785":{"start":{"line":1181,"column":12},"end":{"line":1181,"column":75}},"786":{"start":{"line":1184,"column":8},"end":{"line":1196,"column":11}},"787":{"start":{"line":1185,"column":24},"end":{"line":1185,"column":25}},"788":{"start":{"line":1186,"column":29},"end":{"line":1189,"column":13}},"789":{"start":{"line":1187,"column":16},"end":{"line":1187,"column":24}},"790":{"start":{"line":1188,"column":16},"end":{"line":1188,"column":50}},"791":{"start":{"line":1190,"column":12},"end":{"line":1190,"column":65}},"792":{"start":{"line":1191,"column":12},"end":{"line":1191,"column":38}},"793":{"start":{"line":1193,"column":12},"end":{"line":1193,"column":22}},"794":{"start":{"line":1194,"column":12},"end":{"line":1194,"column":61}},"795":{"start":{"line":1195,"column":12},"end":{"line":1195,"column":38}},"796":{"start":{"line":1201,"column":4},"end":{"line":1338,"column":7}},"797":{"start":{"line":1202,"column":8},"end":{"line":1204,"column":11}},"798":{"start":{"line":1203,"column":12},"end":{"line":1203,"column":49}},"799":{"start":{"line":1206,"column":8},"end":{"line":1208,"column":11}},"800":{"start":{"line":1207,"column":12},"end":{"line":1207,"column":49}},"801":{"start":{"line":1210,"column":8},"end":{"line":1215,"column":11}},"802":{"start":{"line":1211,"column":20},"end":{"line":1211,"column":34}},"803":{"start":{"line":1212,"column":25},"end":{"line":1212,"column":36}},"804":{"start":{"line":1213,"column":12},"end":{"line":1213,"column":46}},"805":{"start":{"line":1214,"column":12},"end":{"line":1214,"column":39}},"806":{"start":{"line":1217,"column":8},"end":{"line":1219,"column":11}},"807":{"start":{"line":1218,"column":12},"end":{"line":1218,"column":60}},"808":{"start":{"line":1221,"column":8},"end":{"line":1225,"column":11}},"809":{"start":{"line":1222,"column":20},"end":{"line":1222,"column":22}},"810":{"start":{"line":1223,"column":20},"end":{"line":1223,"column":40}},"811":{"start":{"line":1224,"column":12},"end":{"line":1224,"column":64}},"812":{"start":{"line":1227,"column":8},"end":{"line":1231,"column":11}},"813":{"start":{"line":1228,"column":20},"end":{"line":1228,"column":34}},"814":{"start":{"line":1229,"column":20},"end":{"line":1229,"column":28}},"815":{"start":{"line":1230,"column":12},"end":{"line":1230,"column":64}},"816":{"start":{"line":1233,"column":8},"end":{"line":1237,"column":11}},"817":{"start":{"line":1234,"column":20},"end":{"line":1234,"column":40}},"818":{"start":{"line":1235,"column":20},"end":{"line":1235,"column":40}},"819":{"start":{"line":1236,"column":12},"end":{"line":1236,"column":82}},"820":{"start":{"line":1239,"column":8},"end":{"line":1243,"column":11}},"821":{"start":{"line":1240,"column":20},"end":{"line":1240,"column":34}},"822":{"start":{"line":1241,"column":20},"end":{"line":1241,"column":28}},"823":{"start":{"line":1242,"column":12},"end":{"line":1242,"column":45}},"824":{"start":{"line":1245,"column":8},"end":{"line":1252,"column":11}},"825":{"start":{"line":1246,"column":20},"end":{"line":1246,"column":28}},"826":{"start":{"line":1247,"column":20},"end":{"line":1247,"column":28}},"827":{"start":{"line":1248,"column":20},"end":{"line":1248,"column":28}},"828":{"start":{"line":1249,"column":20},"end":{"line":1249,"column":28}},"829":{"start":{"line":1250,"column":20},"end":{"line":1250,"column":28}},"830":{"start":{"line":1251,"column":12},"end":{"line":1251,"column":85}},"831":{"start":{"line":1254,"column":8},"end":{"line":1261,"column":11}},"832":{"start":{"line":1255,"column":20},"end":{"line":1255,"column":34}},"833":{"start":{"line":1256,"column":20},"end":{"line":1256,"column":28}},"834":{"start":{"line":1257,"column":20},"end":{"line":1257,"column":34}},"835":{"start":{"line":1258,"column":20},"end":{"line":1258,"column":28}},"836":{"start":{"line":1259,"column":20},"end":{"line":1259,"column":34}},"837":{"start":{"line":1260,"column":12},"end":{"line":1260,"column":103}},"838":{"start":{"line":1263,"column":8},"end":{"line":1273,"column":11}},"839":{"start":{"line":1264,"column":20},"end":{"line":1264,"column":23}},"840":{"start":{"line":1265,"column":20},"end":{"line":1265,"column":23}},"841":{"start":{"line":1266,"column":20},"end":{"line":1266,"column":23}},"842":{"start":{"line":1267,"column":12},"end":{"line":1267,"column":50}},"843":{"start":{"line":1269,"column":20},"end":{"line":1269,"column":21}},"844":{"start":{"line":1270,"column":20},"end":{"line":1270,"column":21}},"845":{"start":{"line":1271,"column":20},"end":{"line":1271,"column":21}},"846":{"start":{"line":1272,"column":12},"end":{"line":1272,"column":48}},"847":{"start":{"line":1275,"column":8},"end":{"line":1286,"column":11}},"848":{"start":{"line":1276,"column":22},"end":{"line":1276,"column":31}},"849":{"start":{"line":1277,"column":20},"end":{"line":1277,"column":34}},"850":{"start":{"line":1278,"column":20},"end":{"line":1278,"column":30}},"851":{"start":{"line":1279,"column":25},"end":{"line":1279,"column":39}},"852":{"start":{"line":1280,"column":12},"end":{"line":1280,"column":49}},"853":{"start":{"line":1281,"column":12},"end":{"line":1281,"column":64}},"854":{"start":{"line":1283,"column":12},"end":{"line":1283,"column":24}},"855":{"start":{"line":1284,"column":12},"end":{"line":1284,"column":49}},"856":{"start":{"line":1285,"column":12},"end":{"line":1285,"column":67}},"857":{"start":{"line":1288,"column":8},"end":{"line":1297,"column":11}},"858":{"start":{"line":1289,"column":22},"end":{"line":1289,"column":36}},"859":{"start":{"line":1290,"column":20},"end":{"line":1290,"column":34}},"860":{"start":{"line":1291,"column":20},"end":{"line":1291,"column":30}},"861":{"start":{"line":1292,"column":25},"end":{"line":1292,"column":39}},"862":{"start":{"line":1293,"column":12},"end":{"line":1293,"column":69}},"863":{"start":{"line":1295,"column":12},"end":{"line":1295,"column":22}},"864":{"start":{"line":1296,"column":12},"end":{"line":1296,"column":75}},"865":{"start":{"line":1299,"column":8},"end":{"line":1304,"column":11}},"866":{"start":{"line":1300,"column":20},"end":{"line":1300,"column":40}},"867":{"start":{"line":1301,"column":20},"end":{"line":1301,"column":28}},"868":{"start":{"line":1302,"column":20},"end":{"line":1302,"column":35}},"869":{"start":{"line":1303,"column":12},"end":{"line":1303,"column":74}},"870":{"start":{"line":1306,"column":8},"end":{"line":1311,"column":11}},"871":{"start":{"line":1307,"column":20},"end":{"line":1307,"column":35}},"872":{"start":{"line":1308,"column":20},"end":{"line":1308,"column":35}},"873":{"start":{"line":1309,"column":20},"end":{"line":1309,"column":25}},"874":{"start":{"line":1310,"column":12},"end":{"line":1310,"column":68}},"875":{"start":{"line":1313,"column":8},"end":{"line":1317,"column":11}},"876":{"start":{"line":1314,"column":20},"end":{"line":1314,"column":35}},"877":{"start":{"line":1315,"column":20},"end":{"line":1315,"column":21}},"878":{"start":{"line":1316,"column":12},"end":{"line":1316,"column":59}},"879":{"start":{"line":1319,"column":8},"end":{"line":1323,"column":11}},"880":{"start":{"line":1320,"column":20},"end":{"line":1320,"column":35}},"881":{"start":{"line":1321,"column":20},"end":{"line":1321,"column":21}},"882":{"start":{"line":1322,"column":12},"end":{"line":1322,"column":59}},"883":{"start":{"line":1325,"column":8},"end":{"line":1330,"column":11}},"884":{"start":{"line":1326,"column":20},"end":{"line":1326,"column":28}},"885":{"start":{"line":1327,"column":20},"end":{"line":1327,"column":35}},"886":{"start":{"line":1328,"column":20},"end":{"line":1328,"column":28}},"887":{"start":{"line":1329,"column":12},"end":{"line":1329,"column":91}},"888":{"start":{"line":1332,"column":8},"end":{"line":1337,"column":11}},"889":{"start":{"line":1333,"column":20},"end":{"line":1333,"column":28}},"890":{"start":{"line":1334,"column":20},"end":{"line":1334,"column":35}},"891":{"start":{"line":1335,"column":20},"end":{"line":1335,"column":25}},"892":{"start":{"line":1336,"column":12},"end":{"line":1336,"column":85}},"893":{"start":{"line":1341,"column":4},"end":{"line":1509,"column":7}},"894":{"start":{"line":1342,"column":8},"end":{"line":1344,"column":11}},"895":{"start":{"line":1343,"column":12},"end":{"line":1343,"column":51}},"896":{"start":{"line":1346,"column":8},"end":{"line":1348,"column":11}},"897":{"start":{"line":1347,"column":12},"end":{"line":1347,"column":51}},"898":{"start":{"line":1350,"column":8},"end":{"line":1355,"column":11}},"899":{"start":{"line":1351,"column":20},"end":{"line":1351,"column":34}},"900":{"start":{"line":1352,"column":25},"end":{"line":1352,"column":38}},"901":{"start":{"line":1353,"column":12},"end":{"line":1353,"column":46}},"902":{"start":{"line":1354,"column":12},"end":{"line":1354,"column":39}},"903":{"start":{"line":1357,"column":8},"end":{"line":1362,"column":11}},"904":{"start":{"line":1358,"column":22},"end":{"line":1358,"column":24}},"905":{"start":{"line":1359,"column":29},"end":{"line":1359,"column":49}},"906":{"start":{"line":1360,"column":25},"end":{"line":1360,"column":52}},"907":{"start":{"line":1361,"column":12},"end":{"line":1361,"column":56}},"908":{"start":{"line":1364,"column":8},"end":{"line":1369,"column":11}},"909":{"start":{"line":1365,"column":22},"end":{"line":1365,"column":24}},"910":{"start":{"line":1366,"column":29},"end":{"line":1366,"column":66}},"911":{"start":{"line":1367,"column":25},"end":{"line":1367,"column":52}},"912":{"start":{"line":1368,"column":12},"end":{"line":1368,"column":73}},"913":{"start":{"line":1371,"column":8},"end":{"line":1377,"column":11}},"914":{"start":{"line":1372,"column":22},"end":{"line":1372,"column":24}},"915":{"start":{"line":1373,"column":30},"end":{"line":1373,"column":50}},"916":{"start":{"line":1374,"column":30},"end":{"line":1374,"column":49}},"917":{"start":{"line":1375,"column":25},"end":{"line":1375,"column":66}},"918":{"start":{"line":1376,"column":12},"end":{"line":1376,"column":73}},"919":{"start":{"line":1379,"column":8},"end":{"line":1385,"column":11}},"920":{"start":{"line":1380,"column":22},"end":{"line":1380,"column":24}},"921":{"start":{"line":1381,"column":30},"end":{"line":1381,"column":66}},"922":{"start":{"line":1382,"column":30},"end":{"line":1382,"column":66}},"923":{"start":{"line":1383,"column":25},"end":{"line":1383,"column":66}},"924":{"start":{"line":1384,"column":12},"end":{"line":1384,"column":106}},"925":{"start":{"line":1387,"column":8},"end":{"line":1392,"column":11}},"926":{"start":{"line":1388,"column":22},"end":{"line":1388,"column":48}},"927":{"start":{"line":1389,"column":30},"end":{"line":1389,"column":50}},"928":{"start":{"line":1390,"column":25},"end":{"line":1390,"column":53}},"929":{"start":{"line":1391,"column":12},"end":{"line":1391,"column":80}},"930":{"start":{"line":1394,"column":8},"end":{"line":1399,"column":11}},"931":{"start":{"line":1395,"column":22},"end":{"line":1395,"column":48}},"932":{"start":{"line":1396,"column":30},"end":{"line":1396,"column":68}},"933":{"start":{"line":1397,"column":25},"end":{"line":1397,"column":53}},"934":{"start":{"line":1398,"column":12},"end":{"line":1398,"column":98}},"935":{"start":{"line":1401,"column":8},"end":{"line":1407,"column":11}},"936":{"start":{"line":1402,"column":22},"end":{"line":1402,"column":48}},"937":{"start":{"line":1403,"column":30},"end":{"line":1403,"column":50}},"938":{"start":{"line":1404,"column":30},"end":{"line":1404,"column":50}},"939":{"start":{"line":1405,"column":25},"end":{"line":1405,"column":66}},"940":{"start":{"line":1406,"column":12},"end":{"line":1406,"column":98}},"941":{"start":{"line":1409,"column":8},"end":{"line":1415,"column":11}},"942":{"start":{"line":1410,"column":22},"end":{"line":1410,"column":48}},"943":{"start":{"line":1411,"column":30},"end":{"line":1411,"column":67}},"944":{"start":{"line":1412,"column":30},"end":{"line":1412,"column":68}},"945":{"start":{"line":1413,"column":25},"end":{"line":1413,"column":66}},"946":{"start":{"line":1414,"column":12},"end":{"line":1414,"column":133}},"947":{"start":{"line":1418,"column":8},"end":{"line":1423,"column":11}},"948":{"start":{"line":1419,"column":22},"end":{"line":1419,"column":55}},"949":{"start":{"line":1420,"column":30},"end":{"line":1420,"column":50}},"950":{"start":{"line":1421,"column":25},"end":{"line":1421,"column":53}},"951":{"start":{"line":1422,"column":12},"end":{"line":1422,"column":69}},"952":{"start":{"line":1425,"column":8},"end":{"line":1430,"column":11}},"953":{"start":{"line":1426,"column":22},"end":{"line":1426,"column":57}},"954":{"start":{"line":1427,"column":30},"end":{"line":1427,"column":58}},"955":{"start":{"line":1428,"column":25},"end":{"line":1428,"column":53}},"956":{"start":{"line":1429,"column":12},"end":{"line":1429,"column":79}},"957":{"start":{"line":1432,"column":8},"end":{"line":1438,"column":11}},"958":{"start":{"line":1433,"column":22},"end":{"line":1433,"column":61}},"959":{"start":{"line":1434,"column":30},"end":{"line":1434,"column":50}},"960":{"start":{"line":1435,"column":30},"end":{"line":1435,"column":40}},"961":{"start":{"line":1436,"column":25},"end":{"line":1436,"column":66}},"962":{"start":{"line":1437,"column":12},"end":{"line":1437,"column":83}},"963":{"start":{"line":1440,"column":8},"end":{"line":1446,"column":11}},"964":{"start":{"line":1441,"column":22},"end":{"line":1441,"column":65}},"965":{"start":{"line":1442,"column":30},"end":{"line":1442,"column":67}},"966":{"start":{"line":1443,"column":30},"end":{"line":1443,"column":64}},"967":{"start":{"line":1444,"column":25},"end":{"line":1444,"column":66}},"968":{"start":{"line":1445,"column":12},"end":{"line":1445,"column":111}},"969":{"start":{"line":1448,"column":8},"end":{"line":1454,"column":11}},"970":{"start":{"line":1449,"column":22},"end":{"line":1449,"column":65}},"971":{"start":{"line":1450,"column":30},"end":{"line":1450,"column":67}},"972":{"start":{"line":1451,"column":30},"end":{"line":1451,"column":64}},"973":{"start":{"line":1452,"column":25},"end":{"line":1452,"column":66}},"974":{"start":{"line":1453,"column":12},"end":{"line":1453,"column":41}},"975":{"start":{"line":1456,"column":8},"end":{"line":1466,"column":11}},"976":{"start":{"line":1457,"column":23},"end":{"line":1457,"column":31}},"977":{"start":{"line":1458,"column":30},"end":{"line":1458,"column":67}},"978":{"start":{"line":1459,"column":26},"end":{"line":1459,"column":55}},"979":{"start":{"line":1460,"column":12},"end":{"line":1460,"column":47}},"980":{"start":{"line":1462,"column":23},"end":{"line":1462,"column":26}},"981":{"start":{"line":1463,"column":30},"end":{"line":1463,"column":67}},"982":{"start":{"line":1464,"column":26},"end":{"line":1464,"column":55}},"983":{"start":{"line":1465,"column":12},"end":{"line":1465,"column":42}},"984":{"start":{"line":1468,"column":8},"end":{"line":1474,"column":11}},"985":{"start":{"line":1469,"column":22},"end":{"line":1469,"column":40}},"986":{"start":{"line":1470,"column":30},"end":{"line":1470,"column":57}},"987":{"start":{"line":1471,"column":30},"end":{"line":1471,"column":68}},"988":{"start":{"line":1472,"column":25},"end":{"line":1472,"column":66}},"989":{"start":{"line":1473,"column":12},"end":{"line":1473,"column":94}},"990":{"start":{"line":1476,"column":8},"end":{"line":1480,"column":11}},"991":{"start":{"line":1477,"column":22},"end":{"line":1477,"column":24}},"992":{"start":{"line":1478,"column":29},"end":{"line":1478,"column":38}},"993":{"start":{"line":1479,"column":12},"end":{"line":1479,"column":66}},"994":{"start":{"line":1482,"column":8},"end":{"line":1487,"column":11}},"995":{"start":{"line":1483,"column":22},"end":{"line":1483,"column":31}},"996":{"start":{"line":1484,"column":30},"end":{"line":1484,"column":33}},"997":{"start":{"line":1485,"column":30},"end":{"line":1485,"column":36}},"998":{"start":{"line":1486,"column":12},"end":{"line":1486,"column":80}},"999":{"start":{"line":1489,"column":8},"end":{"line":1494,"column":11}},"1000":{"start":{"line":1490,"column":22},"end":{"line":1490,"column":31}},"1001":{"start":{"line":1491,"column":30},"end":{"line":1491,"column":50}},"1002":{"start":{"line":1492,"column":30},"end":{"line":1492,"column":55}},"1003":{"start":{"line":1493,"column":12},"end":{"line":1493,"column":90}},"1004":{"start":{"line":1496,"column":8},"end":{"line":1501,"column":11}},"1005":{"start":{"line":1497,"column":22},"end":{"line":1497,"column":36}},"1006":{"start":{"line":1498,"column":30},"end":{"line":1498,"column":36}},"1007":{"start":{"line":1499,"column":30},"end":{"line":1499,"column":38}},"1008":{"start":{"line":1500,"column":12},"end":{"line":1500,"column":107}},"1009":{"start":{"line":1503,"column":8},"end":{"line":1508,"column":11}},"1010":{"start":{"line":1504,"column":22},"end":{"line":1504,"column":36}},"1011":{"start":{"line":1505,"column":30},"end":{"line":1505,"column":36}},"1012":{"start":{"line":1506,"column":30},"end":{"line":1506,"column":45}},"1013":{"start":{"line":1507,"column":12},"end":{"line":1507,"column":111}},"1014":{"start":{"line":1512,"column":4},"end":{"line":1526,"column":7}},"1015":{"start":{"line":1513,"column":8},"end":{"line":1515,"column":11}},"1016":{"start":{"line":1514,"column":12},"end":{"line":1514,"column":47}},"1017":{"start":{"line":1517,"column":8},"end":{"line":1525,"column":11}},"1018":{"start":{"line":1518,"column":24},"end":{"line
[...]
,"116":{"start":{"line":166,"column":0},"end":{"line":174,"column":2}},"117":{"start":{"line":167,"column":24},"end":{"line":167,"column":29}},"118":{"start":{"line":168,"column":4},"end":{"line":173,"column":6}},"119":{"start":{"line":169,"column":8},"end":{"line":172,"column":9}},"120":{"start":{"line":170,"column":12},"end":{"line":170,"column":33}},"121":{"start":{"line":171,"column":12},"end":{"line":171,"column":45}},"122":{"start":{"line":177,"column":0},"end":{"line":193,"column":2}},"123":{"start":{"line":178,"column":16},"end":{"line":178,"column":18}},"124":{"start":{"line":179,"column":4},"end":{"line":192,"column":6}},"125":{"start":{"line":180,"column":8},"end":{"line":191,"column":9}},"126":{"start":{"line":181,"column":12},"end":{"line":181,"column":66}},"127":{"start":{"line":181,"column":39},"end":{"line":181,"column":66}},"128":{"start":{"line":182,"column":25},"end":{"line":182,"column":41}},"129":{"start":{"line":183,"column":12},"end":{"line":183,"column":41}},"130":{"start":{"line":184,"column":12},"end":{"line":184,"column":26}},"131":{"start":{"line":186,"column":23},"end":{"line":186,"column":48}},"132":{"start":{"line":187,"column":12},"end":{"line":187,"column":50}},"133":{"start":{"line":187,"column":31},"end":{"line":187,"column":50}},"134":{"start":{"line":188,"column":25},"end":{"line":188,"column":50}},"135":{"start":{"line":189,"column":12},"end":{"line":189,"column":33}},"136":{"start":{"line":190,"column":12},"end":{"line":190,"column":26}},"137":{"start":{"line":196,"column":0},"end":{"line":215,"column":2}},"138":{"start":{"line":197,"column":4},"end":{"line":197,"column":53}},"139":{"start":{"line":197,"column":33},"end":{"line":197,"column":53}},"140":{"start":{"line":198,"column":4},"end":{"line":204,"column":5}},"141":{"start":{"line":199,"column":23},"end":{"line":199,"column":25}},"142":{"start":{"line":200,"column":8},"end":{"line":202,"column":9}},"143":{"start":{"line":201,"column":12},"end":{"line":201,"column":34}},"144":{"start":{"line":203,"column":8},"end":{"line":203,"column":21}},"145":{"start":{"line":205,"column":4},"end":{"line":205,"column":69}},"146":{"start":{"line":205,"column":59},"end":{"line":205,"column":69}},"147":{"start":{"line":206,"column":19},"end":{"line":206,"column":21}},"148":{"start":{"line":207,"column":4},"end":{"line":213,"column":27}},"149":{"start":{"line":208,"column":27},"end":{"line":208,"column":65}},"150":{"start":{"line":209,"column":16},"end":{"line":209,"column":32}},"151":{"start":{"line":210,"column":8},"end":{"line":210,"column":75}},"152":{"start":{"line":211,"column":8},"end":{"line":211,"column":23}},"153":{"start":{"line":214,"column":4},"end":{"line":214,"column":18}},"154":{"start":{"line":217,"column":0},"end":{"line":219,"column":1}},"155":{"start":{"line":218,"column":4},"end":{"line":218,"column":23}}},"fnMap":{"0":{"name":"(anonymous_0)","decl":{"start":{"line":7,"column":13},"end":{"line":7,"column":14}},"loc":{"start":{"line":7,"column":22},"end":{"line":7,"column":27}},"line":7},"1":{"name":"(anonymous_1)","decl":{"start":{"line":10,"column":10},"end":{"line":10,"column":11}},"loc":{"start":{"line":10,"column":24},"end":{"line":17,"column":1}},"line":10},"2":{"name":"(anonymous_2)","decl":{"start":{"line":20,"column":9},"end":{"line":20,"column":10}},"loc":{"start":{"line":20,"column":23},"end":{"line":26,"column":1}},"line":20},"3":{"name":"(anonymous_3)","decl":{"start":{"line":29,"column":9},"end":{"line":29,"column":10}},"loc":{"start":{"line":29,"column":29},"end":{"line":39,"column":1}},"line":29},"4":{"name":"(anonymous_4)","decl":{"start":{"line":42,"column":12},"end":{"line":42,"column":13}},"loc":{"start":{"line":42,"column":49},"end":{"line":51,"column":1}},"line":42},"5":{"name":"(anonymous_5)","decl":{"start":{"line":54,"column":8},"end":{"line":54,"column":9}},"loc":{"start":{"line":54,"column":28},"end":{"line":68,"column":1}},"line":54},"6":{"name":"(anonymous_6)","decl":{"start":{"line":71,"column":13},"end":{"line":71,"column":14}},"loc":{"start":{"line":71,"column":50},"end":{"line":81,"column":1}},"line":71},"7":{"name":"(anonymous_7)","decl":{"start":{"line":84,"column":10},"end":{"line":84,"column":11}},"loc":{"start":{"line":84,"column":34},"end":{"line":93,"column":1}},"line":84},"8":{"name":"(anonymous_8)","decl":{"start":{"line":96,"column":11},"end":{"line":96,"column":12}},"loc":{"start":{"line":96,"column":37},"end":{"line":109,"column":1}},"line":96},"9":{"name":"(anonymous_9)","decl":{"start":{"line":112,"column":10},"end":{"line":112,"column":11}},"loc":{"start":{"line":112,"column":31},"end":{"line":123,"column":1}},"line":112},"10":{"name":"(anonymous_10)","decl":{"start":{"line":126,"column":9},"end":{"line":126,"column":10}},"loc":{"start":{"line":126,"column":30},"end":{"line":137,"column":1}},"line":126},"11":{"name":"(anonymous_11)","decl":{"start":{"line":140,"column":11},"end":{"line":140,"column":12}},"loc":{"start":{"line":140,"column":34},"end":{"line":148,"column":1}},"line":140},"12":{"name":"(anonymous_12)","decl":{"start":{"line":151,"column":13},"end":{"line":151,"column":14}},"loc":{"start":{"line":151,"column":28},"end":{"line":163,"column":1}},"line":151},"13":{"name":"(anonymous_13)","decl":{"start":{"line":166,"column":9},"end":{"line":166,"column":10}},"loc":{"start":{"line":166,"column":23},"end":{"line":174,"column":1}},"line":166},"14":{"name":"(anonymous_14)","decl":{"start":{"line":168,"column":11},"end":{"line":168,"column":12}},"loc":{"start":{"line":168,"column":23},"end":{"line":173,"column":5}},"line":168},"15":{"name":"(anonymous_15)","decl":{"start":{"line":177,"column":12},"end":{"line":177,"column":13}},"loc":{"start":{"line":177,"column":26},"end":{"line":193,"column":1}},"line":177},"16":{"name":"(anonymous_16)","decl":{"start":{"line":179,"column":11},"end":{"line":179,"column":12}},"loc":{"start":{"line":179,"column":23},"end":{"line":192,"column":5}},"line":179},"17":{"name":"(anonymous_17)","decl":{"start":{"line":196,"column":12},"end":{"line":196,"column":13}},"loc":{"start":{"line":196,"column":27},"end":{"line":215,"column":1}},"line":196}},"branchMap":{"0":{"loc":{"start":{"line":11,"column":4},"end":{"line":11,"column":82}},"type":"if","locations":[{"start":{"line":11,"column":4},"end":{"line":11,"column":82}},{"start":{"line":11,"column":4},"end":{"line":11,"column":82}}],"line":11},"1":{"loc":{"start":{"line":11,"column":8},"end":{"line":11,"column":63}},"type":"binary-expr","locations":[{"start":{"line":11,"column":8},"end":{"line":11,"column":36}},{"start":{"line":11,"column":40},"end":{"line":11,"column":63}}],"line":11},"2":{"loc":{"start":{"line":12,"column":4},"end":{"line":12,"column":25}},"type":"if","locations":[{"start":{"line":12,"column":4},"end":{"line":12,"column":25}},{"start":{"line":12,"column":4},"end":{"line":12,"column":25}}],"line":12},"3":{"loc":{"start":{"line":13,"column":4},"end":{"line":13,"column":41}},"type":"if","locations":[{"start":{"line":13,"column":4},"end":{"line":13,"column":41}},{"start":{"line":13,"column":4},"end":{"line":13,"column":41}}],"line":13},"4":{"loc":{"start":{"line":15,"column":4},"end":{"line":15,"column":60}},"type":"if","locations":[{"start":{"line":15,"column":4},"end":{"line":15,"column":60}},{"start":{"line":15,"column":4},"end":{"line":15,"column":60}}],"line":15},"5":{"loc":{"start":{"line":21,"column":4},"end":{"line":21,"column":82}},"type":"if","locations":[{"start":{"line":21,"column":4},"end":{"line":21,"column":82}},{"start":{"line":21,"column":4},"end":{"line":21,"column":82}}],"line":21},"6":{"loc":{"start":{"line":21,"column":8},"end":{"line":21,"column":63}},"type":"binary-expr","locations":[{"start":{"line":21,"column":8},"end":{"line":21,"column":36}},{"start":{"line":21,"column":40},"end":{"line":21,"column":63}}],"line":21},"7":{"loc":{"start":{"line":22,"column":4},"end":{"line":22,"column":56}},"type":"if","locations":[{"start":{"line":22,"column":4},"end":{"line":22,"column":56}},{"start":{"line":22,"column":4},"end":{"line":22,"column":56}}],"line":22},"8":{"loc":{"start":{"line":24,"column":4},"end":{"line":24,"column":62}},"type":"if","locations":[{"start":{"line":24,"column":4},"end":{"line":24,"column":62}},{"start":{"line":24,"column":4},"end":{"line":24,"column":62}}],"line":24},"9":{"loc":{"start":{"line":30,"column":4},"end":{"line":38,"column":5}},"type":"if","locations":[{"start":{"line":30,"column":4},"end":{"line":38,"column":5}},{"start":{"line":30,"column":4},"end":{"line":38,"column":5}}],"line":30},"10":{"loc":{"start":{"line":42,"column":27},"end":{"line":42,"column":44}},"type":"default-arg","locations":[{"start":{"line":42,"column":43},"end":{"line":42,"column":44}}],"line":42},"11":{"loc":{"start":{"line":43,"column":4},"end":{"line":43,"column":26}},"type":"if","locations":[{"start":{"line":43,"column":4},"end":{"line":43,"column":26}},{"start":{"line":43,"column":4},"end":{"line":43,"column":26}}],"line":43},"12":{"loc":{"start":{"line":44,"column":4},"end":{"line":44,"column":66}},"type":"if","locations":[{"start":{"line":44,"column":4},"end":{"line":44,"column":66}},{"start":{"line":44,"column":4},"end":{"line":44,"column":66}}],"line":44},"13":{"loc":{"start":{"line":45,"column":4},"end":{"line":45,"column":72}},"type":"if","locations":[{"start":{"line":45,"column":4},"end":{"line":45,"column":72}},{"start":{"line":45,"column":4},"end":{"line":45,"column":72}}],"line":45},"14":{"loc":{"start":{"line":48,"column":8},"end":{"line":48,"column":41}},"type":"if","locations":[{"start":{"line":48,"column":8},"end":{"line":48,"column":41}},{"start":{"line":48,"column":8},"end":{"line":48,"column":41}}],"line":48},"15":{"loc":{"start":{"line":55,"column":4},"end":{"line":67,"column":5}},"type":"if","locations":[{"start":{"line":55,"column":4},"end":{"line":67,"column":5}},{"start":{"line":55,"column":4},"end":{"line":67,"column":5}}],"line":55},"16":{"loc":{"start":{"line":71,"column":28},"end":{"line":71,"column":45}},"type":"default-arg","locations":[{"start":{"line":71,"column":44},"end":{"line":71,"column":45}}],"line":71},"17":{"loc":{"start":{"line":72,"column":4},"end":{"line":77,"column":5}},"type":"if","locations":[{"start":{"line":72,"column":4},"end":{"line":77,"column":5}},{"start":{"line":72,"column":4},"end":{"line":77,"column":5}}],"line":72},"18":{"loc":{"start":{"line":72,"column":8},"end":{"line":72,"column":60}},"type":"binary-expr","locations":[{"start":{"line":72,"column":8},"end":{"line":72,"column":33}},{"start":{"line":72,"column":37},"end":{"line":72,"column":60}}],"line":72},"19":{"loc":{"start":{"line":74,"column":12},"end":{"line":74,"column":50}},"type":"if","locations":[{"start":{"line":74,"column":12},"end":{"line":74,"column":50}},{"start":{"line":74,"column":12},"end":{"line":74,"column":50}}],"line":74},"20":{"loc":{"start":{"line":79,"column":4},"end":{"line":79,"column":33}},"type":"if","locations":[{"start":{"line":79,"column":4},"end":{"line":79,"column":33}},{"start":{"line":79,"column":4},"end":{"line":79,"column":33}}],"line":79},"21":{"loc":{"start":{"line":85,"column":4},"end":{"line":85,"column":25}},"type":"if","locations":[{"start":{"line":85,"column":4},"end":{"line":85,"column":25}},{"start":{"line":85,"column":4},"end":{"line":85,"column":25}}],"line":85},"22":{"loc":{"start":{"line":86,"column":4},"end":{"line":86,"column":42}},"type":"if","locations":[{"start":{"line":86,"column":4},"end":{"line":86,"column":42}},{"start":{"line":86,"column":4},"end":{"line":86,"column":42}}],"line":86},"23":{"loc":{"start":{"line":97,"column":4},"end":{"line":107,"column":5}},"type":"if","locations":[{"start":{"line":97,"column":4},"end":{"line":107,"column":5}},{"start":{"line":97,"column":4},"end":{"line":107,"column":5}}],"line":97},"24":{"loc":{"start":{"line":98,"column":8},"end":{"line":98,"column":68}},"type":"if","locations":[{"start":{"line":98,"column":8},"end":{"line":98,"column":68}},{"start":{"line":98,"column":8},"end":{"line":98,"column":68}}],"line":98},"25":{"loc":{"start":{"line":98,"column":12},"end":{"line":98,"column":46}},"type":"binary-expr","locations":[{"start":{"line":98,"column":12},"end":{"line":98,"column":22}},{"start":{"line":98,"column":26},"end":{"line":98,"column":37}},{"start":{"line":98,"column":41},"end":{"line":98,"column":46}}],"line":98},"26":{"loc":{"start":{"line":104,"column":12},"end":{"line":105,"column":61}},"type":"if","locations":[{"start":{"line":104,"column":12},"end":{"line":105,"column":61}},{"start":{"line":104,"column":12},"end":{"line":105,"column":61}}],"line":104},"27":{"loc":{"start":{"line":104,"column":16},"end":{"line":104,"column":50}},"type":"binary-expr","locations":[{"start":{"line":104,"column":16},"end":{"line":104,"column":26}},{"start":{"line":104,"column":30},"end":{"line":104,"column":41}},{"start":{"line":104,"column":45},"end":{"line":104,"column":50}}],"line":104},"28":{"loc":{"start":{"line":113,"column":4},"end":{"line":121,"column":5}},"type":"if","locations":[{"start":{"line":113,"column":4},"end":{"line":121,"column":5}},{"start":{"line":113,"column":4},"end":{"line":121,"column":5}}],"line":113},"29":{"loc":{"start":{"line":115,"column":12},"end":{"line":115,"column":52}},"type":"if","locations":[{"start":{"line":115,"column":12},"end":{"line":115,"column":52}},{"start":{"line":115,"column":12},"end":{"line":115,"column":52}}],"line":115},"30":{"loc":{"start":{"line":117,"column":11},"end":{"line":121,"column":5}},"type":"if","locations":[{"start":{"line":117,"column":11},"end":{"line":121,"column":5}},{"start":{"line":117,"column":11},"end":{"line":121,"column":5}}],"line":117},"31":{"loc":{"start":{"line":119,"column":12},"end":{"line":119,"column":54}},"type":"if","locations":[{"start":{"line":119,"column":12},"end":{"line":119,"column":54}},{"start":{"line":119,"column":12},"end":{"line":119,"column":54}}],"line":119},"32":{"loc":{"start":{"line":127,"column":4},"end":{"line":135,"column":5}},"type":"if","locations":[{"start":{"line":127,"column":4},"end":{"line":135,"column":5}},{"start":{"line":127,"column":4},"end":{"line":135,"column":5}}],"line":127},"33":{"loc":{"start":{"line":129,"column":12},"end":{"line":129,"column":48}},"type":"if","locations":[{"start":{"line":129,"column":12},"end":{"line":129,"column":48}},{"start":{"line":129,"column":12},"end":{"line":129,"column":48}}],"line":129},"34":{"loc":{"start":{"line":131,"column":11},"end":{"line":135,"column":5}},"type":"if","locations":[{"start":{"line":131,"column":11},"end":{"line":135,"column":5}},{"start":{"line":131,"column":11},"end":{"line":135,"column":5}}],"line":131},"35":{"loc":{"start":{"line":133,"column":12},"end":{"line":133,"column":50}},"type":"if","locations":[{"start":{"line":133,"column":12},"end":{"line":133,"column":50}},{"start":{"line":133,"column":12},"end":{"line":133,"column":50}}],"line":133},"36":{"loc":{"start":{"line":152,"column":4},"end":{"line":161,"column":5}},"type":"if","locations":[{"start":{"line":152,"column":4},"end":{"line":161,"column":5}},{"start":{"line":152,"column":4},"end":{"line":161,"column":5}}],"line":152},"37":{"loc":{"start":{"line":156,"column":16},"end":{"line":158,"column":17}},"type":"if","locations":[{"start":{"line":156,"column":16},"end":{"line":158,"column":17}},{"start":{"line":156,"column":16},"end":{"line":158,"column":17}}],"line":156},"38":{"loc":{"start":{"line":169,"column":8},"end":{"line":172,"column":9}},"type":"if","locations":[{"start":{"line":169,"column":8},"end":{"line":172,"column":9}},{"start":{"line":169,"column":8},"end":{"line":172,"column":9}}],"line":169},"39":{"loc":{"start":{"line":180,"column":8},"end":{"line":191,"column":9}},"type":"if","locations":[{"start":{"line":180,"column":8},"end":{"line":191,"column":9}},{"start":{"line":180,"column":8},"end":{"line":191,"column":9}}],"line":180},"40":{"loc":{"start":{"line":181,"column":12},"end":{"line":181,"column":66}},"type":"if","locations":[{"start":{"line":181,"column":12},"end":{"line":181,"column":66}},{"start":{"line":181,"column":12},"end":{"line":181,"column":66}}],"line":181},"41":{"loc":{"start":{"line":187,"column":12},"end":{"line":187,"column":50}},"type":"if","locations":[{"start":{"line":187,"column":12},"end":{"line":187,"column":50}},{"start":{"line":187,"column":12},"end":{"line":187,"column":50}}],"line":187},"42":{"loc":{"start":{"line":197,"column":4},"end":{"line":197,"column":53}},"type":"if","locations":[{"start":{"line":197,"column":4},"end":{"line":197,"column":53}},{"start":{"line":197,"column":4},"end":{"line":197,"column":53}}],"line":197},"43":{"loc":{"start":{"line":198,"column":4},"end":{"line":204,"column":5}},"type":"if","locations":[{"start":{"line":198,"column":4},"end":{"line":204,"column":5}},{"start":{"line":198,"column":4},"end":{"line":204,"column":5}}],"line":198},"44":{"loc":{"start":{"line":198,"column":8},"end":{"line":198,"column":56}},"type":"binary-expr","locations":[{"start":{"line":198,"column":8},"end":{"line":198,"column":31}},{"start":{"line":198,"column":35},"end":{"line":198,"column":56}}],"line":198},"45":{"loc":{"start":{"line":205,"column":4},"end":{"line":205,"column":69}},"type":"if","locations":[{"start":{"line":205,"column":4},"end":{"line":205,"column":69}},{"start":{"line":205,"column":4},"end":{"line":205,"column":69}}],"line":205},"46":{"loc":{"start":{"line":205,"column":8},"end":{"line":205,"column":57}},"type":"binary-expr","locations":[{"start":{"line":205,"column":8},"end":{"line":205,"column":12}},{"start":{"line":205,"column":16},"end":{"line":205,"column":32}},{"start":{"line":205,"column":36},"end":{"line":205,"column":57}}],"line":205},"47":{"loc":{"start":{"line":217,"column":0},"end":{"line":219,"column":1}},"type":"if","locations":[{"start":{"line":217,"column":0},"end":{"line":219,"column":1}},{"start":{"line":217,"column":0},"end":{"line":219,"column":1}}],"line":217}},"s":{"0":1,"1":1,"2":1,"3":1,"4":16,"5":1,"6":26,"7":4,"8":22,"9":4,"10":18,"11":5,"12":13,"13":13,"14":5,"15":8,"16":1,"17":27,"18":4,"19":23,"20":5,"21":18,"22":18,"23":8,"24":18,"25":1,"26":9,"27":5,"28":28,"29":4,"30":14,"31":1,"32":108,"33":4,"34":104,"35":23,"36":81,"37":22,"38":81,"39":353,"40":44,"41":37,"42":1,"43":11,"44":6,"45":6,"46":27,"47":6,"48":5,"49":5,"50":21,"51":5,"52":1,"53":44,"54":7,"55":12,"56":4,"57":3,"58":37,"59":37,"60":16,"61":21,"62":1,"63":17,"64":3,"65":14,"66":1,"67":13,"68":13,"69":46,"70":13,"71":1,"72":28,"73":15,"74":3,"75":15,"76":70,"77":13,"78":52,"79":2,"80":50,"81":28,"82":1,"83":13,"84":7,"85":22,"86":3,"87":6,"88":6,"89":21,"90":3,"91":7,"92":1,"93":22,"94":11,"95":25,"96":9,"97":11,"98":11,"99":26,"100":9,"101":4,"102":1,"103":18,"104":29,"105":29,"106":38,"107":18,"108":1,"109":22,"110":20,"111":31,"112":31,"113":57,"114":37,"115":22,"116":1,"117":1,"118":1,"119":3,"120":1,"121":1,"122":1,"123":4,"124":4,"125":22,"126":10,"127":6,"128":4,"129":4,"130":4,"131":12,"132":12,"133":7,"134":5,"135":5,"136":5,"137":1,"138":17,"139":3,"140":17,"141":3,"142":3,"143":10,"144":3,"145":17,"146":5,"147":12,"148":12,"149":56,"150":56,"151":56,"152":56,"153":12,"154":1,"155":1},"f":{"0":16,"1":26,"2":27,"3":9,"4":108,"5":11,"6":44,"7":17,"8":28,"9":13,"10":22,"11":18,"12":22,"13":1,"14":3,"15":4,"16":22,"17":17},"b":{"0":[4,22],"1":[26,17],"2":[4,18],"3":[5,13],"4":[5,8],"5":[4,23],"6":[27,17],"7":[5,18],"8":[8,10],"9":[5,4],"10":[26],"11":[4,104],"12":[23,81],"13":[22,59],"14":[44,309],"15":[6,5],"16":[24],"17":[7,37],"18":[44,29],"19":[4,8],"20":[16,21],"21":[3,14],"22":[1,13],"23":[15,13],"24":[3,12],"25":[15,12,11],"26":[2,50],"27":[52,47,46],"28":[7,6],"29":[3,19],"30":[6,0],"31":[3,18],"32":[11,11],"33":[9,16],"34":[11,0],"35":[9,17],"36":[20,2],"37":[37,20],"38":[1,2],"39":[10,12],"40":[6,4],"41":[7,5],"42":[3,14],"43":[3,14],"44":[17,13],"45":[5,12],"46":[17,17,16],"47":[1,0]},"_coverageSchema":"332fd63041d2c1bcb487cc26dd0d5f7d97098a6c","hash":"c05ca3d649b93cfb700efd53ab0919dbcd6bfa0f","contentHash":"38764d00ef1a7ed1d0103521e271f5e8_11.0.3"}}